INFO  [2014-04-30 23:10:38,396] edu.sjsu.cmpe.cache.CacheService: Loaded resources
WARN  [2014-04-30 23:10:38,420] com.yammer.dropwizard.config.ServerFactory: 
!!!!!!!!!!!!!!!!!!!!!!!!!!!!!!!!!!!!!!!!!!!!!!!!!!!!!!!!!!!!!!!!!!!!!!!!!!!!!!!!
!!!!!!!!!!!!!!!!!!!!!!!!!!!!!!!!!!!!!!!!!!!!!!!!!!!!!!!!!!!!!!!!!!!!!!!!!!!!!!!!
!    THIS SERVICE HAS NO HEALTHCHECKS. THIS MEANS YOU WILL NEVER KNOW IF IT    !
!    DIES IN PRODUCTION, WHICH MEANS YOU WILL NEVER KNOW IF YOU'RE LETTING     !
!     YOUR USERS DOWN. YOU SHOULD ADD A HEALTHCHECK FOR EACH DEPENDENCY OF     !
!     YOUR SERVICE WHICH FULLY (BUT LIGHTLY) TESTS YOUR SERVICE'S ABILITY TO   !
!      USE THAT SERVICE. THINK OF IT AS A CONTINUOUS INTEGRATION TEST.         !
!!!!!!!!!!!!!!!!!!!!!!!!!!!!!!!!!!!!!!!!!!!!!!!!!!!!!!!!!!!!!!!!!!!!!!!!!!!!!!!!
!!!!!!!!!!!!!!!!!!!!!!!!!!!!!!!!!!!!!!!!!!!!!!!!!!!!!!!!!!!!!!!!!!!!!!!!!!!!!!!!
INFO  [2014-04-30 23:10:38,511] com.yammer.dropwizard.cli.ServerCommand: Starting cache-server
INFO  [2014-04-30 23:10:38,515] org.eclipse.jetty.server.Server: jetty-8.1.10.v20130312
INFO  [2014-04-30 23:10:38,644] com.sun.jersey.server.impl.application.WebApplicationImpl: Initiating Jersey application, version 'Jersey: 1.17.1 02/28/2013 12:47 PM'
INFO  [2014-04-30 23:10:38,717] com.yammer.dropwizard.config.Environment: The following paths were found for the configured resources:

    GET     /cache/ (edu.sjsu.cmpe.cache.api.resources.CacheResource)
    GET     /cache/{key} (edu.sjsu.cmpe.cache.api.resources.CacheResource)
    PUT     /cache/{key}/{value} (edu.sjsu.cmpe.cache.api.resources.CacheResource)

INFO  [2014-04-30 23:10:38,718] com.yammer.dropwizard.config.Environment: tasks = 

    POST    /tasks/gc (com.yammer.dropwizard.tasks.GarbageCollectionTask)

INFO  [2014-04-30 23:10:39,104] org.eclipse.jetty.server.AbstractConnector: Started InstrumentedBlockingChannelConnector@0.0.0.0:3000
INFO  [2014-04-30 23:10:39,115] org.eclipse.jetty.server.AbstractConnector: Started SocketConnector@0.0.0.0:7000
INFO  [2014-04-30 23:11:03,164] org.eclipse.jetty.server.Server: Graceful shutdown SocketConnector@0.0.0.0:7000
INFO  [2014-04-30 23:11:03,167] org.eclipse.jetty.server.Server: Graceful shutdown InstrumentedBlockingChannelConnector@0.0.0.0:3000
INFO  [2014-04-30 23:11:03,169] org.eclipse.jetty.server.Server: Graceful shutdown o.e.j.s.ServletContextHandler{/,null}
INFO  [2014-04-30 23:11:03,169] org.eclipse.jetty.server.Server: Graceful shutdown o.e.j.s.ServletContextHandler{/,file:/Users/venkatreddy/Downloads/cmpe273-lab6-master/server/target/classes/}
INFO  [2014-04-30 23:11:05,225] org.eclipse.jetty.server.handler.ContextHandler: stopped o.e.j.s.ServletContextHandler{/,file:/Users/venkatreddy/Downloads/cmpe273-lab6-master/server/target/classes/}
INFO  [2014-04-30 23:11:05,226] org.eclipse.jetty.server.handler.ContextHandler: stopped o.e.j.s.ServletContextHandler{/,null}
INFO  [2014-04-30 23:11:59,216] edu.sjsu.cmpe.cache.CacheService: Loaded resources
WARN  [2014-04-30 23:11:59,234] com.yammer.dropwizard.config.ServerFactory: 
!!!!!!!!!!!!!!!!!!!!!!!!!!!!!!!!!!!!!!!!!!!!!!!!!!!!!!!!!!!!!!!!!!!!!!!!!!!!!!!!
!!!!!!!!!!!!!!!!!!!!!!!!!!!!!!!!!!!!!!!!!!!!!!!!!!!!!!!!!!!!!!!!!!!!!!!!!!!!!!!!
!    THIS SERVICE HAS NO HEALTHCHECKS. THIS MEANS YOU WILL NEVER KNOW IF IT    !
!    DIES IN PRODUCTION, WHICH MEANS YOU WILL NEVER KNOW IF YOU'RE LETTING     !
!     YOUR USERS DOWN. YOU SHOULD ADD A HEALTHCHECK FOR EACH DEPENDENCY OF     !
!     YOUR SERVICE WHICH FULLY (BUT LIGHTLY) TESTS YOUR SERVICE'S ABILITY TO   !
!      USE THAT SERVICE. THINK OF IT AS A CONTINUOUS INTEGRATION TEST.         !
!!!!!!!!!!!!!!!!!!!!!!!!!!!!!!!!!!!!!!!!!!!!!!!!!!!!!!!!!!!!!!!!!!!!!!!!!!!!!!!!
!!!!!!!!!!!!!!!!!!!!!!!!!!!!!!!!!!!!!!!!!!!!!!!!!!!!!!!!!!!!!!!!!!!!!!!!!!!!!!!!
INFO  [2014-04-30 23:11:59,313] com.yammer.dropwizard.cli.ServerCommand: Starting cache-server
INFO  [2014-04-30 23:11:59,315] org.eclipse.jetty.server.Server: jetty-8.1.10.v20130312
INFO  [2014-04-30 23:11:59,464] com.sun.jersey.server.impl.application.WebApplicationImpl: Initiating Jersey application, version 'Jersey: 1.17.1 02/28/2013 12:47 PM'
INFO  [2014-04-30 23:11:59,549] com.yammer.dropwizard.config.Environment: The following paths were found for the configured resources:

    GET     /cache/ (edu.sjsu.cmpe.cache.api.resources.CacheResource)
    GET     /cache/{key} (edu.sjsu.cmpe.cache.api.resources.CacheResource)
    PUT     /cache/{key}/{value} (edu.sjsu.cmpe.cache.api.resources.CacheResource)

INFO  [2014-04-30 23:11:59,549] com.yammer.dropwizard.config.Environment: tasks = 

    POST    /tasks/gc (com.yammer.dropwizard.tasks.GarbageCollectionTask)

INFO  [2014-04-30 23:11:59,972] org.eclipse.jetty.server.AbstractConnector: Started InstrumentedBlockingChannelConnector@0.0.0.0:3000
INFO  [2014-04-30 23:11:59,979] org.eclipse.jetty.server.AbstractConnector: Started SocketConnector@0.0.0.0:7000
INFO  [2014-05-01 00:52:41,002] org.eclipse.jetty.server.Server: Graceful shutdown SocketConnector@0.0.0.0:7000
INFO  [2014-05-01 00:52:41,037] org.eclipse.jetty.server.Server: Graceful shutdown InstrumentedBlockingChannelConnector@0.0.0.0:3000
INFO  [2014-05-01 00:52:41,039] org.eclipse.jetty.server.Server: Graceful shutdown o.e.j.s.ServletContextHandler{/,null}
INFO  [2014-05-01 00:52:41,039] org.eclipse.jetty.server.Server: Graceful shutdown o.e.j.s.ServletContextHandler{/,file:/Users/venkatreddy/Downloads/cmpe273-lab6-master/server/target/classes/}
INFO  [2014-05-01 00:52:43,149] org.eclipse.jetty.server.handler.ContextHandler: stopped o.e.j.s.ServletContextHandler{/,file:/Users/venkatreddy/Downloads/cmpe273-lab6-master/server/target/classes/}
INFO  [2014-05-01 00:52:43,150] org.eclipse.jetty.server.handler.ContextHandler: stopped o.e.j.s.ServletContextHandler{/,null}
INFO  [2014-05-01 01:12:50,763] edu.sjsu.cmpe.cache.CacheService: Loaded resources
WARN  [2014-05-01 01:12:50,884] com.yammer.dropwizard.config.ServerFactory: 
!!!!!!!!!!!!!!!!!!!!!!!!!!!!!!!!!!!!!!!!!!!!!!!!!!!!!!!!!!!!!!!!!!!!!!!!!!!!!!!!
!!!!!!!!!!!!!!!!!!!!!!!!!!!!!!!!!!!!!!!!!!!!!!!!!!!!!!!!!!!!!!!!!!!!!!!!!!!!!!!!
!    THIS SERVICE HAS NO HEALTHCHECKS. THIS MEANS YOU WILL NEVER KNOW IF IT    !
!    DIES IN PRODUCTION, WHICH MEANS YOU WILL NEVER KNOW IF YOU'RE LETTING     !
!     YOUR USERS DOWN. YOU SHOULD ADD A HEALTHCHECK FOR EACH DEPENDENCY OF     !
!     YOUR SERVICE WHICH FULLY (BUT LIGHTLY) TESTS YOUR SERVICE'S ABILITY TO   !
!      USE THAT SERVICE. THINK OF IT AS A CONTINUOUS INTEGRATION TEST.         !
!!!!!!!!!!!!!!!!!!!!!!!!!!!!!!!!!!!!!!!!!!!!!!!!!!!!!!!!!!!!!!!!!!!!!!!!!!!!!!!!
!!!!!!!!!!!!!!!!!!!!!!!!!!!!!!!!!!!!!!!!!!!!!!!!!!!!!!!!!!!!!!!!!!!!!!!!!!!!!!!!
INFO  [2014-05-01 01:12:51,451] com.yammer.dropwizard.cli.ServerCommand: Starting cache-server
INFO  [2014-05-01 01:12:51,458] org.eclipse.jetty.server.Server: jetty-8.1.10.v20130312
INFO  [2014-05-01 01:12:51,896] com.sun.jersey.server.impl.application.WebApplicationImpl: Initiating Jersey application, version 'Jersey: 1.17.1 02/28/2013 12:47 PM'
INFO  [2014-05-01 01:12:52,141] com.yammer.dropwizard.config.Environment: The following paths were found for the configured resources:

    GET     /cache/ (edu.sjsu.cmpe.cache.api.resources.CacheResource)
    GET     /cache/{key} (edu.sjsu.cmpe.cache.api.resources.CacheResource)
    PUT     /cache/{key}/{value} (edu.sjsu.cmpe.cache.api.resources.CacheResource)

INFO  [2014-05-01 01:12:52,142] com.yammer.dropwizard.config.Environment: tasks = 

    POST    /tasks/gc (com.yammer.dropwizard.tasks.GarbageCollectionTask)

INFO  [2014-05-01 01:12:52,822] org.eclipse.jetty.server.AbstractConnector: Started InstrumentedBlockingChannelConnector@0.0.0.0:3000
INFO  [2014-05-01 01:12:52,830] org.eclipse.jetty.server.AbstractConnector: Started SocketConnector@0.0.0.0:7000
INFO  [2014-05-01 01:12:59,702] org.eclipse.jetty.server.Server: Graceful shutdown SocketConnector@0.0.0.0:7000
INFO  [2014-05-01 01:12:59,704] org.eclipse.jetty.server.Server: Graceful shutdown InstrumentedBlockingChannelConnector@0.0.0.0:3000
INFO  [2014-05-01 01:12:59,710] org.eclipse.jetty.server.Server: Graceful shutdown o.e.j.s.ServletContextHandler{/,null}
INFO  [2014-05-01 01:12:59,711] org.eclipse.jetty.server.Server: Graceful shutdown o.e.j.s.ServletContextHandler{/,file:/Users/venkatreddy/Downloads/cmpe273-lab6-master/server/target/classes/}
INFO  [2014-05-01 01:13:01,790] org.eclipse.jetty.server.handler.ContextHandler: stopped o.e.j.s.ServletContextHandler{/,file:/Users/venkatreddy/Downloads/cmpe273-lab6-master/server/target/classes/}
INFO  [2014-05-01 01:13:01,790] org.eclipse.jetty.server.handler.ContextHandler: stopped o.e.j.s.ServletContextHandler{/,null}
INFO  [2014-05-01 01:13:11,036] edu.sjsu.cmpe.cache.CacheService: Loaded resources
WARN  [2014-05-01 01:13:11,061] com.yammer.dropwizard.config.ServerFactory: 
!!!!!!!!!!!!!!!!!!!!!!!!!!!!!!!!!!!!!!!!!!!!!!!!!!!!!!!!!!!!!!!!!!!!!!!!!!!!!!!!
!!!!!!!!!!!!!!!!!!!!!!!!!!!!!!!!!!!!!!!!!!!!!!!!!!!!!!!!!!!!!!!!!!!!!!!!!!!!!!!!
!    THIS SERVICE HAS NO HEALTHCHECKS. THIS MEANS YOU WILL NEVER KNOW IF IT    !
!    DIES IN PRODUCTION, WHICH MEANS YOU WILL NEVER KNOW IF YOU'RE LETTING     !
!     YOUR USERS DOWN. YOU SHOULD ADD A HEALTHCHECK FOR EACH DEPENDENCY OF     !
!     YOUR SERVICE WHICH FULLY (BUT LIGHTLY) TESTS YOUR SERVICE'S ABILITY TO   !
!      USE THAT SERVICE. THINK OF IT AS A CONTINUOUS INTEGRATION TEST.         !
!!!!!!!!!!!!!!!!!!!!!!!!!!!!!!!!!!!!!!!!!!!!!!!!!!!!!!!!!!!!!!!!!!!!!!!!!!!!!!!!
!!!!!!!!!!!!!!!!!!!!!!!!!!!!!!!!!!!!!!!!!!!!!!!!!!!!!!!!!!!!!!!!!!!!!!!!!!!!!!!!
INFO  [2014-05-01 01:13:11,159] com.yammer.dropwizard.cli.ServerCommand: Starting cache-server
INFO  [2014-05-01 01:13:11,161] org.eclipse.jetty.server.Server: jetty-8.1.10.v20130312
INFO  [2014-05-01 01:13:11,320] com.sun.jersey.server.impl.application.WebApplicationImpl: Initiating Jersey application, version 'Jersey: 1.17.1 02/28/2013 12:47 PM'
INFO  [2014-05-01 01:13:11,443] com.yammer.dropwizard.config.Environment: The following paths were found for the configured resources:

    GET     /cache/ (edu.sjsu.cmpe.cache.api.resources.CacheResource)
    GET     /cache/{key} (edu.sjsu.cmpe.cache.api.resources.CacheResource)
    PUT     /cache/{key}/{value} (edu.sjsu.cmpe.cache.api.resources.CacheResource)

INFO  [2014-05-01 01:13:11,444] com.yammer.dropwizard.config.Environment: tasks = 

    POST    /tasks/gc (com.yammer.dropwizard.tasks.GarbageCollectionTask)

INFO  [2014-05-01 01:13:11,858] org.eclipse.jetty.server.AbstractConnector: Started InstrumentedBlockingChannelConnector@0.0.0.0:3000
INFO  [2014-05-01 01:13:11,865] org.eclipse.jetty.server.AbstractConnector: Started SocketConnector@0.0.0.0:7000
INFO  [2014-05-01 01:15:57,948] org.eclipse.jetty.server.Server: Graceful shutdown SocketConnector@0.0.0.0:7000
INFO  [2014-05-01 01:15:57,949] org.eclipse.jetty.server.Server: Graceful shutdown InstrumentedBlockingChannelConnector@0.0.0.0:3000
INFO  [2014-05-01 01:15:57,950] org.eclipse.jetty.server.Server: Graceful shutdown o.e.j.s.ServletContextHandler{/,null}
INFO  [2014-05-01 01:15:57,950] org.eclipse.jetty.server.Server: Graceful shutdown o.e.j.s.ServletContextHandler{/,file:/Users/venkatreddy/Downloads/cmpe273-lab6-master/server/target/classes/}
INFO  [2014-05-01 01:16:00,001] org.eclipse.jetty.server.handler.ContextHandler: stopped o.e.j.s.ServletContextHandler{/,file:/Users/venkatreddy/Downloads/cmpe273-lab6-master/server/target/classes/}
INFO  [2014-05-01 01:16:00,002] org.eclipse.jetty.server.handler.ContextHandler: stopped o.e.j.s.ServletContextHandler{/,null}
INFO  [2014-05-01 01:16:09,232] edu.sjsu.cmpe.cache.CacheService: Loaded resources
WARN  [2014-05-01 01:16:09,262] com.yammer.dropwizard.config.ServerFactory: 
!!!!!!!!!!!!!!!!!!!!!!!!!!!!!!!!!!!!!!!!!!!!!!!!!!!!!!!!!!!!!!!!!!!!!!!!!!!!!!!!
!!!!!!!!!!!!!!!!!!!!!!!!!!!!!!!!!!!!!!!!!!!!!!!!!!!!!!!!!!!!!!!!!!!!!!!!!!!!!!!!
!    THIS SERVICE HAS NO HEALTHCHECKS. THIS MEANS YOU WILL NEVER KNOW IF IT    !
!    DIES IN PRODUCTION, WHICH MEANS YOU WILL NEVER KNOW IF YOU'RE LETTING     !
!     YOUR USERS DOWN. YOU SHOULD ADD A HEALTHCHECK FOR EACH DEPENDENCY OF     !
!     YOUR SERVICE WHICH FULLY (BUT LIGHTLY) TESTS YOUR SERVICE'S ABILITY TO   !
!      USE THAT SERVICE. THINK OF IT AS A CONTINUOUS INTEGRATION TEST.         !
!!!!!!!!!!!!!!!!!!!!!!!!!!!!!!!!!!!!!!!!!!!!!!!!!!!!!!!!!!!!!!!!!!!!!!!!!!!!!!!!
!!!!!!!!!!!!!!!!!!!!!!!!!!!!!!!!!!!!!!!!!!!!!!!!!!!!!!!!!!!!!!!!!!!!!!!!!!!!!!!!
INFO  [2014-05-01 01:16:09,352] com.yammer.dropwizard.cli.ServerCommand: Starting cache-server
INFO  [2014-05-01 01:16:09,355] org.eclipse.jetty.server.Server: jetty-8.1.10.v20130312
INFO  [2014-05-01 01:16:09,520] com.sun.jersey.server.impl.application.WebApplicationImpl: Initiating Jersey application, version 'Jersey: 1.17.1 02/28/2013 12:47 PM'
INFO  [2014-05-01 01:16:09,605] com.yammer.dropwizard.config.Environment: The following paths were found for the configured resources:

    GET     /cache/ (edu.sjsu.cmpe.cache.api.resources.CacheResource)
    GET     /cache/{key} (edu.sjsu.cmpe.cache.api.resources.CacheResource)
    PUT     /cache/{key}/{value} (edu.sjsu.cmpe.cache.api.resources.CacheResource)

INFO  [2014-05-01 01:16:09,605] com.yammer.dropwizard.config.Environment: tasks = 

    POST    /tasks/gc (com.yammer.dropwizard.tasks.GarbageCollectionTask)

INFO  [2014-05-01 01:16:10,023] org.eclipse.jetty.server.AbstractConnector: Started InstrumentedBlockingChannelConnector@0.0.0.0:3000
INFO  [2014-05-01 01:16:10,031] org.eclipse.jetty.server.AbstractConnector: Started SocketConnector@0.0.0.0:7000
INFO  [2014-05-01 01:16:12,341] edu.sjsu.cmpe.cache.CacheService: Loaded resources
WARN  [2014-05-01 01:16:12,371] com.yammer.dropwizard.config.ServerFactory: 
!!!!!!!!!!!!!!!!!!!!!!!!!!!!!!!!!!!!!!!!!!!!!!!!!!!!!!!!!!!!!!!!!!!!!!!!!!!!!!!!
!!!!!!!!!!!!!!!!!!!!!!!!!!!!!!!!!!!!!!!!!!!!!!!!!!!!!!!!!!!!!!!!!!!!!!!!!!!!!!!!
!    THIS SERVICE HAS NO HEALTHCHECKS. THIS MEANS YOU WILL NEVER KNOW IF IT    !
!    DIES IN PRODUCTION, WHICH MEANS YOU WILL NEVER KNOW IF YOU'RE LETTING     !
!     YOUR USERS DOWN. YOU SHOULD ADD A HEALTHCHECK FOR EACH DEPENDENCY OF     !
!     YOUR SERVICE WHICH FULLY (BUT LIGHTLY) TESTS YOUR SERVICE'S ABILITY TO   !
!      USE THAT SERVICE. THINK OF IT AS A CONTINUOUS INTEGRATION TEST.         !
!!!!!!!!!!!!!!!!!!!!!!!!!!!!!!!!!!!!!!!!!!!!!!!!!!!!!!!!!!!!!!!!!!!!!!!!!!!!!!!!
!!!!!!!!!!!!!!!!!!!!!!!!!!!!!!!!!!!!!!!!!!!!!!!!!!!!!!!!!!!!!!!!!!!!!!!!!!!!!!!!
INFO  [2014-05-01 01:16:12,534] com.yammer.dropwizard.cli.ServerCommand: Starting cache-server
INFO  [2014-05-01 01:16:12,537] org.eclipse.jetty.server.Server: jetty-8.1.10.v20130312
INFO  [2014-05-01 01:16:12,767] com.sun.jersey.server.impl.application.WebApplicationImpl: Initiating Jersey application, version 'Jersey: 1.17.1 02/28/2013 12:47 PM'
INFO  [2014-05-01 01:16:12,852] com.yammer.dropwizard.config.Environment: The following paths were found for the configured resources:

    GET     /cache/ (edu.sjsu.cmpe.cache.api.resources.CacheResource)
    GET     /cache/{key} (edu.sjsu.cmpe.cache.api.resources.CacheResource)
    PUT     /cache/{key}/{value} (edu.sjsu.cmpe.cache.api.resources.CacheResource)

INFO  [2014-05-01 01:16:12,853] com.yammer.dropwizard.config.Environment: tasks = 

    POST    /tasks/gc (com.yammer.dropwizard.tasks.GarbageCollectionTask)

INFO  [2014-05-01 01:16:13,233] edu.sjsu.cmpe.cache.CacheService: Loaded resources
WARN  [2014-05-01 01:16:13,281] com.yammer.dropwizard.config.ServerFactory: 
!!!!!!!!!!!!!!!!!!!!!!!!!!!!!!!!!!!!!!!!!!!!!!!!!!!!!!!!!!!!!!!!!!!!!!!!!!!!!!!!
!!!!!!!!!!!!!!!!!!!!!!!!!!!!!!!!!!!!!!!!!!!!!!!!!!!!!!!!!!!!!!!!!!!!!!!!!!!!!!!!
!    THIS SERVICE HAS NO HEALTHCHECKS. THIS MEANS YOU WILL NEVER KNOW IF IT    !
!    DIES IN PRODUCTION, WHICH MEANS YOU WILL NEVER KNOW IF YOU'RE LETTING     !
!     YOUR USERS DOWN. YOU SHOULD ADD A HEALTHCHECK FOR EACH DEPENDENCY OF     !
!     YOUR SERVICE WHICH FULLY (BUT LIGHTLY) TESTS YOUR SERVICE'S ABILITY TO   !
!      USE THAT SERVICE. THINK OF IT AS A CONTINUOUS INTEGRATION TEST.         !
!!!!!!!!!!!!!!!!!!!!!!!!!!!!!!!!!!!!!!!!!!!!!!!!!!!!!!!!!!!!!!!!!!!!!!!!!!!!!!!!
!!!!!!!!!!!!!!!!!!!!!!!!!!!!!!!!!!!!!!!!!!!!!!!!!!!!!!!!!!!!!!!!!!!!!!!!!!!!!!!!
INFO  [2014-05-01 01:16:13,458] com.yammer.dropwizard.cli.ServerCommand: Starting cache-server
INFO  [2014-05-01 01:16:13,460] org.eclipse.jetty.server.Server: jetty-8.1.10.v20130312
WARN  [2014-05-01 01:16:13,481] org.eclipse.jetty.util.component.AbstractLifeCycle: FAILED InstrumentedBlockingChannelConnector@0.0.0.0:3000: java.net.BindException: Address already in use
! java.net.BindException: Address already in use
! at sun.nio.ch.Net.bind(Native Method) ~[na:1.6.0_65]
! at sun.nio.ch.ServerSocketChannelImpl.bind(ServerSocketChannelImpl.java:124) ~[na:1.6.0_65]
! at sun.nio.ch.ServerSocketAdaptor.bind(ServerSocketAdaptor.java:59) ~[na:1.6.0_65]
! at org.eclipse.jetty.server.nio.BlockingChannelConnector.open(BlockingChannelConnector.java:127) ~[jetty-server-8.1.10.v20130312.jar:8.1.10.v20130312]
! at org.eclipse.jetty.server.AbstractConnector.doStart(AbstractConnector.java:316) ~[jetty-server-8.1.10.v20130312.jar:8.1.10.v20130312]
! at org.eclipse.jetty.server.nio.BlockingChannelConnector.doStart(BlockingChannelConnector.java:85) ~[jetty-server-8.1.10.v20130312.jar:8.1.10.v20130312]
! at org.eclipse.jetty.util.component.AbstractLifeCycle.start(AbstractLifeCycle.java:64) [jetty-util-8.1.10.v20130312.jar:8.1.10.v20130312]
! at org.eclipse.jetty.server.Server.doStart(Server.java:291) [jetty-server-8.1.10.v20130312.jar:8.1.10.v20130312]
! at org.eclipse.jetty.util.component.AbstractLifeCycle.start(AbstractLifeCycle.java:64) [jetty-util-8.1.10.v20130312.jar:8.1.10.v20130312]
! at com.yammer.dropwizard.cli.ServerCommand.run(ServerCommand.java:48) [dropwizard-core-0.6.2.jar:na]
! at com.yammer.dropwizard.cli.EnvironmentCommand.run(EnvironmentCommand.java:39) [dropwizard-core-0.6.2.jar:na]
! at com.yammer.dropwizard.cli.ConfiguredCommand.run(ConfiguredCommand.java:58) [dropwizard-core-0.6.2.jar:na]
! at com.yammer.dropwizard.cli.Cli.run(Cli.java:53) [dropwizard-core-0.6.2.jar:na]
! at com.yammer.dropwizard.Service.run(Service.java:61) [dropwizard-core-0.6.2.jar:na]
! at edu.sjsu.cmpe.cache.CacheService.main(CacheService.java:23) [classes/:na]
WARN  [2014-05-01 01:16:13,508] org.eclipse.jetty.util.component.AbstractLifeCycle: FAILED SocketConnector@0.0.0.0:7000: java.net.BindException: Address already in use
! java.net.BindException: Address already in use
! at java.net.PlainSocketImpl.socketBind(Native Method) ~[na:1.6.0_65]
! at java.net.PlainSocketImpl.socketBind(PlainSocketImpl.java:521) ~[na:1.6.0_65]
! at java.net.PlainSocketImpl.bind(PlainSocketImpl.java:414) ~[na:1.6.0_65]
! at java.net.ServerSocket.bind(ServerSocket.java:326) ~[na:1.6.0_65]
! at java.net.ServerSocket.<init>(ServerSocket.java:192) ~[na:1.6.0_65]
! at java.net.ServerSocket.<init>(ServerSocket.java:148) ~[na:1.6.0_65]
! at org.eclipse.jetty.server.bio.SocketConnector.newServerSocket(SocketConnector.java:96) ~[jetty-server-8.1.10.v20130312.jar:8.1.10.v20130312]
! at org.eclipse.jetty.server.bio.SocketConnector.open(SocketConnector.java:85) ~[jetty-server-8.1.10.v20130312.jar:8.1.10.v20130312]
! at org.eclipse.jetty.server.AbstractConnector.doStart(AbstractConnector.java:316) ~[jetty-server-8.1.10.v20130312.jar:8.1.10.v20130312]
! at org.eclipse.jetty.server.bio.SocketConnector.doStart(SocketConnector.java:156) ~[jetty-server-8.1.10.v20130312.jar:8.1.10.v20130312]
! at org.eclipse.jetty.util.component.AbstractLifeCycle.start(AbstractLifeCycle.java:64) [jetty-util-8.1.10.v20130312.jar:8.1.10.v20130312]
! at org.eclipse.jetty.server.Server.doStart(Server.java:291) [jetty-server-8.1.10.v20130312.jar:8.1.10.v20130312]
! at org.eclipse.jetty.util.component.AbstractLifeCycle.start(AbstractLifeCycle.java:64) [jetty-util-8.1.10.v20130312.jar:8.1.10.v20130312]
! at com.yammer.dropwizard.cli.ServerCommand.run(ServerCommand.java:48) [dropwizard-core-0.6.2.jar:na]
! at com.yammer.dropwizard.cli.EnvironmentCommand.run(EnvironmentCommand.java:39) [dropwizard-core-0.6.2.jar:na]
! at com.yammer.dropwizard.cli.ConfiguredCommand.run(ConfiguredCommand.java:58) [dropwizard-core-0.6.2.jar:na]
! at com.yammer.dropwizard.cli.Cli.run(Cli.java:53) [dropwizard-core-0.6.2.jar:na]
! at com.yammer.dropwizard.Service.run(Service.java:61) [dropwizard-core-0.6.2.jar:na]
! at edu.sjsu.cmpe.cache.CacheService.main(CacheService.java:23) [classes/:na]
WARN  [2014-05-01 01:16:13,509] org.eclipse.jetty.util.component.AbstractLifeCycle: FAILED org.eclipse.jetty.server.Server@738d56e: MultiException[java.net.BindException: Address already in use, java.net.BindException: Address already in use]
! org.eclipse.jetty.util.MultiException: Multiple exceptions
! at org.eclipse.jetty.server.Server.doStart(Server.java:273) ~[jetty-server-8.1.10.v20130312.jar:8.1.10.v20130312]
! at org.eclipse.jetty.util.component.AbstractLifeCycle.start(AbstractLifeCycle.java:64) ~[jetty-util-8.1.10.v20130312.jar:8.1.10.v20130312]
! at com.yammer.dropwizard.cli.ServerCommand.run(ServerCommand.java:48) [dropwizard-core-0.6.2.jar:na]
! at com.yammer.dropwizard.cli.EnvironmentCommand.run(EnvironmentCommand.java:39) [dropwizard-core-0.6.2.jar:na]
! at com.yammer.dropwizard.cli.ConfiguredCommand.run(ConfiguredCommand.java:58) [dropwizard-core-0.6.2.jar:na]
! at com.yammer.dropwizard.cli.Cli.run(Cli.java:53) [dropwizard-core-0.6.2.jar:na]
! at com.yammer.dropwizard.Service.run(Service.java:61) [dropwizard-core-0.6.2.jar:na]
! at edu.sjsu.cmpe.cache.CacheService.main(CacheService.java:23) [classes/:na]
ERROR [2014-05-01 01:16:13,510] com.yammer.dropwizard.cli.ServerCommand: Unable to start server, shutting down
! org.eclipse.jetty.util.MultiException: Multiple exceptions
! at org.eclipse.jetty.server.Server.doStart(Server.java:273) ~[jetty-server-8.1.10.v20130312.jar:8.1.10.v20130312]
! at org.eclipse.jetty.util.component.AbstractLifeCycle.start(AbstractLifeCycle.java:64) ~[jetty-util-8.1.10.v20130312.jar:8.1.10.v20130312]
! at com.yammer.dropwizard.cli.ServerCommand.run(ServerCommand.java:48) ~[dropwizard-core-0.6.2.jar:na]
! at com.yammer.dropwizard.cli.EnvironmentCommand.run(EnvironmentCommand.java:39) [dropwizard-core-0.6.2.jar:na]
! at com.yammer.dropwizard.cli.ConfiguredCommand.run(ConfiguredCommand.java:58) [dropwizard-core-0.6.2.jar:na]
! at com.yammer.dropwizard.cli.Cli.run(Cli.java:53) [dropwizard-core-0.6.2.jar:na]
! at com.yammer.dropwizard.Service.run(Service.java:61) [dropwizard-core-0.6.2.jar:na]
! at edu.sjsu.cmpe.cache.CacheService.main(CacheService.java:23) [classes/:na]
INFO  [2014-05-01 01:16:13,510] org.eclipse.jetty.server.Server: Graceful shutdown SocketConnector@0.0.0.0:7000
INFO  [2014-05-01 01:16:13,510] org.eclipse.jetty.server.Server: Graceful shutdown InstrumentedBlockingChannelConnector@0.0.0.0:3000
INFO  [2014-05-01 01:16:13,515] org.eclipse.jetty.server.Server: Graceful shutdown o.e.j.s.ServletContextHandler{/,null}
INFO  [2014-05-01 01:16:13,515] org.eclipse.jetty.server.Server: Graceful shutdown o.e.j.s.ServletContextHandler{/,file:/Users/venkatreddy/Downloads/cmpe273-lab6-master/server/target/classes/}
INFO  [2014-05-01 01:16:13,643] com.sun.jersey.server.impl.application.WebApplicationImpl: Initiating Jersey application, version 'Jersey: 1.17.1 02/28/2013 12:47 PM'
INFO  [2014-05-01 01:16:13,732] com.yammer.dropwizard.config.Environment: The following paths were found for the configured resources:

    GET     /cache/ (edu.sjsu.cmpe.cache.api.resources.CacheResource)
    GET     /cache/{key} (edu.sjsu.cmpe.cache.api.resources.CacheResource)
    PUT     /cache/{key}/{value} (edu.sjsu.cmpe.cache.api.resources.CacheResource)

INFO  [2014-05-01 01:16:13,734] com.yammer.dropwizard.config.Environment: tasks = 

    POST    /tasks/gc (com.yammer.dropwizard.tasks.GarbageCollectionTask)

WARN  [2014-05-01 01:16:14,142] org.eclipse.jetty.util.component.AbstractLifeCycle: FAILED InstrumentedBlockingChannelConnector@0.0.0.0:3000: java.net.BindException: Address already in use
! java.net.BindException: Address already in use
! at sun.nio.ch.Net.bind(Native Method) ~[na:1.6.0_65]
! at sun.nio.ch.ServerSocketChannelImpl.bind(ServerSocketChannelImpl.java:124) ~[na:1.6.0_65]
! at sun.nio.ch.ServerSocketAdaptor.bind(ServerSocketAdaptor.java:59) ~[na:1.6.0_65]
! at org.eclipse.jetty.server.nio.BlockingChannelConnector.open(BlockingChannelConnector.java:127) ~[jetty-server-8.1.10.v20130312.jar:8.1.10.v20130312]
! at org.eclipse.jetty.server.AbstractConnector.doStart(AbstractConnector.java:316) ~[jetty-server-8.1.10.v20130312.jar:8.1.10.v20130312]
! at org.eclipse.jetty.server.nio.BlockingChannelConnector.doStart(BlockingChannelConnector.java:85) ~[jetty-server-8.1.10.v20130312.jar:8.1.10.v20130312]
! at org.eclipse.jetty.util.component.AbstractLifeCycle.start(AbstractLifeCycle.java:64) [jetty-util-8.1.10.v20130312.jar:8.1.10.v20130312]
! at org.eclipse.jetty.server.Server.doStart(Server.java:291) [jetty-server-8.1.10.v20130312.jar:8.1.10.v20130312]
! at org.eclipse.jetty.util.component.AbstractLifeCycle.start(AbstractLifeCycle.java:64) [jetty-util-8.1.10.v20130312.jar:8.1.10.v20130312]
! at com.yammer.dropwizard.cli.ServerCommand.run(ServerCommand.java:48) [dropwizard-core-0.6.2.jar:na]
! at com.yammer.dropwizard.cli.EnvironmentCommand.run(EnvironmentCommand.java:39) [dropwizard-core-0.6.2.jar:na]
! at com.yammer.dropwizard.cli.ConfiguredCommand.run(ConfiguredCommand.java:58) [dropwizard-core-0.6.2.jar:na]
! at com.yammer.dropwizard.cli.Cli.run(Cli.java:53) [dropwizard-core-0.6.2.jar:na]
! at com.yammer.dropwizard.Service.run(Service.java:61) [dropwizard-core-0.6.2.jar:na]
! at edu.sjsu.cmpe.cache.CacheService.main(CacheService.java:23) [classes/:na]
WARN  [2014-05-01 01:16:14,146] org.eclipse.jetty.util.component.AbstractLifeCycle: FAILED SocketConnector@0.0.0.0:7000: java.net.BindException: Address already in use
! java.net.BindException: Address already in use
! at java.net.PlainSocketImpl.socketBind(Native Method) ~[na:1.6.0_65]
! at java.net.PlainSocketImpl.socketBind(PlainSocketImpl.java:521) ~[na:1.6.0_65]
! at java.net.PlainSocketImpl.bind(PlainSocketImpl.java:414) ~[na:1.6.0_65]
! at java.net.ServerSocket.bind(ServerSocket.java:326) ~[na:1.6.0_65]
! at java.net.ServerSocket.<init>(ServerSocket.java:192) ~[na:1.6.0_65]
! at java.net.ServerSocket.<init>(ServerSocket.java:148) ~[na:1.6.0_65]
! at org.eclipse.jetty.server.bio.SocketConnector.newServerSocket(SocketConnector.java:96) ~[jetty-server-8.1.10.v20130312.jar:8.1.10.v20130312]
! at org.eclipse.jetty.server.bio.SocketConnector.open(SocketConnector.java:85) ~[jetty-server-8.1.10.v20130312.jar:8.1.10.v20130312]
! at org.eclipse.jetty.server.AbstractConnector.doStart(AbstractConnector.java:316) ~[jetty-server-8.1.10.v20130312.jar:8.1.10.v20130312]
! at org.eclipse.jetty.server.bio.SocketConnector.doStart(SocketConnector.java:156) ~[jetty-server-8.1.10.v20130312.jar:8.1.10.v20130312]
! at org.eclipse.jetty.util.component.AbstractLifeCycle.start(AbstractLifeCycle.java:64) [jetty-util-8.1.10.v20130312.jar:8.1.10.v20130312]
! at org.eclipse.jetty.server.Server.doStart(Server.java:291) [jetty-server-8.1.10.v20130312.jar:8.1.10.v20130312]
! at org.eclipse.jetty.util.component.AbstractLifeCycle.start(AbstractLifeCycle.java:64) [jetty-util-8.1.10.v20130312.jar:8.1.10.v20130312]
! at com.yammer.dropwizard.cli.ServerCommand.run(ServerCommand.java:48) [dropwizard-core-0.6.2.jar:na]
! at com.yammer.dropwizard.cli.EnvironmentCommand.run(EnvironmentCommand.java:39) [dropwizard-core-0.6.2.jar:na]
! at com.yammer.dropwizard.cli.ConfiguredCommand.run(ConfiguredCommand.java:58) [dropwizard-core-0.6.2.jar:na]
! at com.yammer.dropwizard.cli.Cli.run(Cli.java:53) [dropwizard-core-0.6.2.jar:na]
! at com.yammer.dropwizard.Service.run(Service.java:61) [dropwizard-core-0.6.2.jar:na]
! at edu.sjsu.cmpe.cache.CacheService.main(CacheService.java:23) [classes/:na]
WARN  [2014-05-01 01:16:14,146] org.eclipse.jetty.util.component.AbstractLifeCycle: FAILED org.eclipse.jetty.server.Server@73d4f355: MultiException[java.net.BindException: Address already in use, java.net.BindException: Address already in use]
! org.eclipse.jetty.util.MultiException: Multiple exceptions
! at org.eclipse.jetty.server.Server.doStart(Server.java:273) ~[jetty-server-8.1.10.v20130312.jar:8.1.10.v20130312]
! at org.eclipse.jetty.util.component.AbstractLifeCycle.start(AbstractLifeCycle.java:64) ~[jetty-util-8.1.10.v20130312.jar:8.1.10.v20130312]
! at com.yammer.dropwizard.cli.ServerCommand.run(ServerCommand.java:48) [dropwizard-core-0.6.2.jar:na]
! at com.yammer.dropwizard.cli.EnvironmentCommand.run(EnvironmentCommand.java:39) [dropwizard-core-0.6.2.jar:na]
! at com.yammer.dropwizard.cli.ConfiguredCommand.run(ConfiguredCommand.java:58) [dropwizard-core-0.6.2.jar:na]
! at com.yammer.dropwizard.cli.Cli.run(Cli.java:53) [dropwizard-core-0.6.2.jar:na]
! at com.yammer.dropwizard.Service.run(Service.java:61) [dropwizard-core-0.6.2.jar:na]
! at edu.sjsu.cmpe.cache.CacheService.main(CacheService.java:23) [classes/:na]
ERROR [2014-05-01 01:16:14,147] com.yammer.dropwizard.cli.ServerCommand: Unable to start server, shutting down
! org.eclipse.jetty.util.MultiException: Multiple exceptions
! at org.eclipse.jetty.server.Server.doStart(Server.java:273) ~[jetty-server-8.1.10.v20130312.jar:8.1.10.v20130312]
! at org.eclipse.jetty.util.component.AbstractLifeCycle.start(AbstractLifeCycle.java:64) ~[jetty-util-8.1.10.v20130312.jar:8.1.10.v20130312]
! at com.yammer.dropwizard.cli.ServerCommand.run(ServerCommand.java:48) ~[dropwizard-core-0.6.2.jar:na]
! at com.yammer.dropwizard.cli.EnvironmentCommand.run(EnvironmentCommand.java:39) [dropwizard-core-0.6.2.jar:na]
! at com.yammer.dropwizard.cli.ConfiguredCommand.run(ConfiguredCommand.java:58) [dropwizard-core-0.6.2.jar:na]
! at com.yammer.dropwizard.cli.Cli.run(Cli.java:53) [dropwizard-core-0.6.2.jar:na]
! at com.yammer.dropwizard.Service.run(Service.java:61) [dropwizard-core-0.6.2.jar:na]
! at edu.sjsu.cmpe.cache.CacheService.main(CacheService.java:23) [classes/:na]
INFO  [2014-05-01 01:16:14,147] org.eclipse.jetty.server.Server: Graceful shutdown SocketConnector@0.0.0.0:7000
INFO  [2014-05-01 01:16:14,147] org.eclipse.jetty.server.Server: Graceful shutdown InstrumentedBlockingChannelConnector@0.0.0.0:3000
INFO  [2014-05-01 01:16:14,152] org.eclipse.jetty.server.Server: Graceful shutdown o.e.j.s.ServletContextHandler{/,null}
INFO  [2014-05-01 01:16:14,152] org.eclipse.jetty.server.Server: Graceful shutdown o.e.j.s.ServletContextHandler{/,file:/Users/venkatreddy/Downloads/cmpe273-lab6-master/server/target/classes/}
INFO  [2014-05-01 01:16:15,517] org.eclipse.jetty.server.handler.ContextHandler: stopped o.e.j.s.ServletContextHandler{/,file:/Users/venkatreddy/Downloads/cmpe273-lab6-master/server/target/classes/}
INFO  [2014-05-01 01:16:15,518] org.eclipse.jetty.server.handler.ContextHandler: stopped o.e.j.s.ServletContextHandler{/,null}
INFO  [2014-05-01 01:16:16,154] org.eclipse.jetty.server.handler.ContextHandler: stopped o.e.j.s.ServletContextHandler{/,file:/Users/venkatreddy/Downloads/cmpe273-lab6-master/server/target/classes/}
INFO  [2014-05-01 01:16:16,155] org.eclipse.jetty.server.handler.ContextHandler: stopped o.e.j.s.ServletContextHandler{/,null}
INFO  [2014-05-01 01:17:10,422] org.eclipse.jetty.server.Server: Graceful shutdown SocketConnector@0.0.0.0:7000
INFO  [2014-05-01 01:17:10,424] org.eclipse.jetty.server.Server: Graceful shutdown InstrumentedBlockingChannelConnector@0.0.0.0:3000
INFO  [2014-05-01 01:17:10,428] org.eclipse.jetty.server.Server: Graceful shutdown o.e.j.s.ServletContextHandler{/,null}
INFO  [2014-05-01 01:17:10,428] org.eclipse.jetty.server.Server: Graceful shutdown o.e.j.s.ServletContextHandler{/,file:/Users/venkatreddy/Downloads/cmpe273-lab6-master/server/target/classes/}
INFO  [2014-05-01 01:17:12,481] org.eclipse.jetty.server.handler.ContextHandler: stopped o.e.j.s.ServletContextHandler{/,file:/Users/venkatreddy/Downloads/cmpe273-lab6-master/server/target/classes/}
INFO  [2014-05-01 01:17:12,481] org.eclipse.jetty.server.handler.ContextHandler: stopped o.e.j.s.ServletContextHandler{/,null}
INFO  [2014-05-01 01:17:25,939] edu.sjsu.cmpe.cache.CacheService: Loaded resources
WARN  [2014-05-01 01:17:25,957] com.yammer.dropwizard.config.ServerFactory: 
!!!!!!!!!!!!!!!!!!!!!!!!!!!!!!!!!!!!!!!!!!!!!!!!!!!!!!!!!!!!!!!!!!!!!!!!!!!!!!!!
!!!!!!!!!!!!!!!!!!!!!!!!!!!!!!!!!!!!!!!!!!!!!!!!!!!!!!!!!!!!!!!!!!!!!!!!!!!!!!!!
!    THIS SERVICE HAS NO HEALTHCHECKS. THIS MEANS YOU WILL NEVER KNOW IF IT    !
!    DIES IN PRODUCTION, WHICH MEANS YOU WILL NEVER KNOW IF YOU'RE LETTING     !
!     YOUR USERS DOWN. YOU SHOULD ADD A HEALTHCHECK FOR EACH DEPENDENCY OF     !
!     YOUR SERVICE WHICH FULLY (BUT LIGHTLY) TESTS YOUR SERVICE'S ABILITY TO   !
!      USE THAT SERVICE. THINK OF IT AS A CONTINUOUS INTEGRATION TEST.         !
!!!!!!!!!!!!!!!!!!!!!!!!!!!!!!!!!!!!!!!!!!!!!!!!!!!!!!!!!!!!!!!!!!!!!!!!!!!!!!!!
!!!!!!!!!!!!!!!!!!!!!!!!!!!!!!!!!!!!!!!!!!!!!!!!!!!!!!!!!!!!!!!!!!!!!!!!!!!!!!!!
INFO  [2014-05-01 01:17:26,063] com.yammer.dropwizard.cli.ServerCommand: Starting cache-server
INFO  [2014-05-01 01:17:26,067] org.eclipse.jetty.server.Server: jetty-8.1.10.v20130312
INFO  [2014-05-01 01:17:26,234] com.sun.jersey.server.impl.application.WebApplicationImpl: Initiating Jersey application, version 'Jersey: 1.17.1 02/28/2013 12:47 PM'
INFO  [2014-05-01 01:17:26,300] com.yammer.dropwizard.config.Environment: The following paths were found for the configured resources:

    GET     /cache/ (edu.sjsu.cmpe.cache.api.resources.CacheResource)
    GET     /cache/{key} (edu.sjsu.cmpe.cache.api.resources.CacheResource)
    PUT     /cache/{key}/{value} (edu.sjsu.cmpe.cache.api.resources.CacheResource)

INFO  [2014-05-01 01:17:26,300] com.yammer.dropwizard.config.Environment: tasks = 

    POST    /tasks/gc (com.yammer.dropwizard.tasks.GarbageCollectionTask)

INFO  [2014-05-01 01:17:26,692] org.eclipse.jetty.server.AbstractConnector: Started InstrumentedBlockingChannelConnector@0.0.0.0:3000
INFO  [2014-05-01 01:17:26,699] org.eclipse.jetty.server.AbstractConnector: Started SocketConnector@0.0.0.0:7000
INFO  [2014-05-01 01:18:54,537] edu.sjsu.cmpe.cache.CacheService: Loaded resources
WARN  [2014-05-01 01:18:54,558] com.yammer.dropwizard.config.ServerFactory: 
!!!!!!!!!!!!!!!!!!!!!!!!!!!!!!!!!!!!!!!!!!!!!!!!!!!!!!!!!!!!!!!!!!!!!!!!!!!!!!!!
!!!!!!!!!!!!!!!!!!!!!!!!!!!!!!!!!!!!!!!!!!!!!!!!!!!!!!!!!!!!!!!!!!!!!!!!!!!!!!!!
!    THIS SERVICE HAS NO HEALTHCHECKS. THIS MEANS YOU WILL NEVER KNOW IF IT    !
!    DIES IN PRODUCTION, WHICH MEANS YOU WILL NEVER KNOW IF YOU'RE LETTING     !
!     YOUR USERS DOWN. YOU SHOULD ADD A HEALTHCHECK FOR EACH DEPENDENCY OF     !
!     YOUR SERVICE WHICH FULLY (BUT LIGHTLY) TESTS YOUR SERVICE'S ABILITY TO   !
!      USE THAT SERVICE. THINK OF IT AS A CONTINUOUS INTEGRATION TEST.         !
!!!!!!!!!!!!!!!!!!!!!!!!!!!!!!!!!!!!!!!!!!!!!!!!!!!!!!!!!!!!!!!!!!!!!!!!!!!!!!!!
!!!!!!!!!!!!!!!!!!!!!!!!!!!!!!!!!!!!!!!!!!!!!!!!!!!!!!!!!!!!!!!!!!!!!!!!!!!!!!!!
INFO  [2014-05-01 01:18:54,641] com.yammer.dropwizard.cli.ServerCommand: Starting cache-server
INFO  [2014-05-01 01:18:54,645] org.eclipse.jetty.server.Server: jetty-8.1.10.v20130312
INFO  [2014-05-01 01:18:54,793] com.sun.jersey.server.impl.application.WebApplicationImpl: Initiating Jersey application, version 'Jersey: 1.17.1 02/28/2013 12:47 PM'
INFO  [2014-05-01 01:18:54,891] com.yammer.dropwizard.config.Environment: The following paths were found for the configured resources:

    GET     /cache/ (edu.sjsu.cmpe.cache.api.resources.CacheResource)
    GET     /cache/{key} (edu.sjsu.cmpe.cache.api.resources.CacheResource)
    PUT     /cache/{key}/{value} (edu.sjsu.cmpe.cache.api.resources.CacheResource)

INFO  [2014-05-01 01:18:54,891] com.yammer.dropwizard.config.Environment: tasks = 

    POST    /tasks/gc (com.yammer.dropwizard.tasks.GarbageCollectionTask)

WARN  [2014-05-01 01:18:55,494] org.eclipse.jetty.util.component.AbstractLifeCycle: FAILED InstrumentedBlockingChannelConnector@0.0.0.0:3000: java.net.BindException: Address already in use
! java.net.BindException: Address already in use
! at sun.nio.ch.Net.bind(Native Method) ~[na:1.6.0_65]
! at sun.nio.ch.ServerSocketChannelImpl.bind(ServerSocketChannelImpl.java:124) ~[na:1.6.0_65]
! at sun.nio.ch.ServerSocketAdaptor.bind(ServerSocketAdaptor.java:59) ~[na:1.6.0_65]
! at org.eclipse.jetty.server.nio.BlockingChannelConnector.open(BlockingChannelConnector.java:127) ~[jetty-server-8.1.10.v20130312.jar:8.1.10.v20130312]
! at org.eclipse.jetty.server.AbstractConnector.doStart(AbstractConnector.java:316) ~[jetty-server-8.1.10.v20130312.jar:8.1.10.v20130312]
! at org.eclipse.jetty.server.nio.BlockingChannelConnector.doStart(BlockingChannelConnector.java:85) ~[jetty-server-8.1.10.v20130312.jar:8.1.10.v20130312]
! at org.eclipse.jetty.util.component.AbstractLifeCycle.start(AbstractLifeCycle.java:64) [jetty-util-8.1.10.v20130312.jar:8.1.10.v20130312]
! at org.eclipse.jetty.server.Server.doStart(Server.java:291) [jetty-server-8.1.10.v20130312.jar:8.1.10.v20130312]
! at org.eclipse.jetty.util.component.AbstractLifeCycle.start(AbstractLifeCycle.java:64) [jetty-util-8.1.10.v20130312.jar:8.1.10.v20130312]
! at com.yammer.dropwizard.cli.ServerCommand.run(ServerCommand.java:48) [dropwizard-core-0.6.2.jar:na]
! at com.yammer.dropwizard.cli.EnvironmentCommand.run(EnvironmentCommand.java:39) [dropwizard-core-0.6.2.jar:na]
! at com.yammer.dropwizard.cli.ConfiguredCommand.run(ConfiguredCommand.java:58) [dropwizard-core-0.6.2.jar:na]
! at com.yammer.dropwizard.cli.Cli.run(Cli.java:53) [dropwizard-core-0.6.2.jar:na]
! at com.yammer.dropwizard.Service.run(Service.java:61) [dropwizard-core-0.6.2.jar:na]
! at edu.sjsu.cmpe.cache.CacheService.main(CacheService.java:23) [classes/:na]
WARN  [2014-05-01 01:18:55,499] org.eclipse.jetty.util.component.AbstractLifeCycle: FAILED SocketConnector@0.0.0.0:7000: java.net.BindException: Address already in use
! java.net.BindException: Address already in use
! at java.net.PlainSocketImpl.socketBind(Native Method) ~[na:1.6.0_65]
! at java.net.PlainSocketImpl.socketBind(PlainSocketImpl.java:521) ~[na:1.6.0_65]
! at java.net.PlainSocketImpl.bind(PlainSocketImpl.java:414) ~[na:1.6.0_65]
! at java.net.ServerSocket.bind(ServerSocket.java:326) ~[na:1.6.0_65]
! at java.net.ServerSocket.<init>(ServerSocket.java:192) ~[na:1.6.0_65]
! at java.net.ServerSocket.<init>(ServerSocket.java:148) ~[na:1.6.0_65]
! at org.eclipse.jetty.server.bio.SocketConnector.newServerSocket(SocketConnector.java:96) ~[jetty-server-8.1.10.v20130312.jar:8.1.10.v20130312]
! at org.eclipse.jetty.server.bio.SocketConnector.open(SocketConnector.java:85) ~[jetty-server-8.1.10.v20130312.jar:8.1.10.v20130312]
! at org.eclipse.jetty.server.AbstractConnector.doStart(AbstractConnector.java:316) ~[jetty-server-8.1.10.v20130312.jar:8.1.10.v20130312]
! at org.eclipse.jetty.server.bio.SocketConnector.doStart(SocketConnector.java:156) ~[jetty-server-8.1.10.v20130312.jar:8.1.10.v20130312]
! at org.eclipse.jetty.util.component.AbstractLifeCycle.start(AbstractLifeCycle.java:64) [jetty-util-8.1.10.v20130312.jar:8.1.10.v20130312]
! at org.eclipse.jetty.server.Server.doStart(Server.java:291) [jetty-server-8.1.10.v20130312.jar:8.1.10.v20130312]
! at org.eclipse.jetty.util.component.AbstractLifeCycle.start(AbstractLifeCycle.java:64) [jetty-util-8.1.10.v20130312.jar:8.1.10.v20130312]
! at com.yammer.dropwizard.cli.ServerCommand.run(ServerCommand.java:48) [dropwizard-core-0.6.2.jar:na]
! at com.yammer.dropwizard.cli.EnvironmentCommand.run(EnvironmentCommand.java:39) [dropwizard-core-0.6.2.jar:na]
! at com.yammer.dropwizard.cli.ConfiguredCommand.run(ConfiguredCommand.java:58) [dropwizard-core-0.6.2.jar:na]
! at com.yammer.dropwizard.cli.Cli.run(Cli.java:53) [dropwizard-core-0.6.2.jar:na]
! at com.yammer.dropwizard.Service.run(Service.java:61) [dropwizard-core-0.6.2.jar:na]
! at edu.sjsu.cmpe.cache.CacheService.main(CacheService.java:23) [classes/:na]
WARN  [2014-05-01 01:18:55,499] org.eclipse.jetty.util.component.AbstractLifeCycle: FAILED org.eclipse.jetty.server.Server@3f7aa2a8: MultiException[java.net.BindException: Address already in use, java.net.BindException: Address already in use]
! org.eclipse.jetty.util.MultiException: Multiple exceptions
! at org.eclipse.jetty.server.Server.doStart(Server.java:273) ~[jetty-server-8.1.10.v20130312.jar:8.1.10.v20130312]
! at org.eclipse.jetty.util.component.AbstractLifeCycle.start(AbstractLifeCycle.java:64) ~[jetty-util-8.1.10.v20130312.jar:8.1.10.v20130312]
! at com.yammer.dropwizard.cli.ServerCommand.run(ServerCommand.java:48) [dropwizard-core-0.6.2.jar:na]
! at com.yammer.dropwizard.cli.EnvironmentCommand.run(EnvironmentCommand.java:39) [dropwizard-core-0.6.2.jar:na]
! at com.yammer.dropwizard.cli.ConfiguredCommand.run(ConfiguredCommand.java:58) [dropwizard-core-0.6.2.jar:na]
! at com.yammer.dropwizard.cli.Cli.run(Cli.java:53) [dropwizard-core-0.6.2.jar:na]
! at com.yammer.dropwizard.Service.run(Service.java:61) [dropwizard-core-0.6.2.jar:na]
! at edu.sjsu.cmpe.cache.CacheService.main(CacheService.java:23) [classes/:na]
ERROR [2014-05-01 01:18:55,499] com.yammer.dropwizard.cli.ServerCommand: Unable to start server, shutting down
! org.eclipse.jetty.util.MultiException: Multiple exceptions
! at org.eclipse.jetty.server.Server.doStart(Server.java:273) ~[jetty-server-8.1.10.v20130312.jar:8.1.10.v20130312]
! at org.eclipse.jetty.util.component.AbstractLifeCycle.start(AbstractLifeCycle.java:64) ~[jetty-util-8.1.10.v20130312.jar:8.1.10.v20130312]
! at com.yammer.dropwizard.cli.ServerCommand.run(ServerCommand.java:48) ~[dropwizard-core-0.6.2.jar:na]
! at com.yammer.dropwizard.cli.EnvironmentCommand.run(EnvironmentCommand.java:39) [dropwizard-core-0.6.2.jar:na]
! at com.yammer.dropwizard.cli.ConfiguredCommand.run(ConfiguredCommand.java:58) [dropwizard-core-0.6.2.jar:na]
! at com.yammer.dropwizard.cli.Cli.run(Cli.java:53) [dropwizard-core-0.6.2.jar:na]
! at com.yammer.dropwizard.Service.run(Service.java:61) [dropwizard-core-0.6.2.jar:na]
! at edu.sjsu.cmpe.cache.CacheService.main(CacheService.java:23) [classes/:na]
INFO  [2014-05-01 01:18:55,500] org.eclipse.jetty.server.Server: Graceful shutdown SocketConnector@0.0.0.0:7000
INFO  [2014-05-01 01:18:55,500] org.eclipse.jetty.server.Server: Graceful shutdown InstrumentedBlockingChannelConnector@0.0.0.0:3000
INFO  [2014-05-01 01:18:55,505] org.eclipse.jetty.server.Server: Graceful shutdown o.e.j.s.ServletContextHandler{/,null}
INFO  [2014-05-01 01:18:55,505] org.eclipse.jetty.server.Server: Graceful shutdown o.e.j.s.ServletContextHandler{/,file:/Users/venkatreddy/Downloads/cmpe273-lab6-master/server/target/classes/}
INFO  [2014-05-01 01:18:57,506] org.eclipse.jetty.server.handler.ContextHandler: stopped o.e.j.s.ServletContextHandler{/,file:/Users/venkatreddy/Downloads/cmpe273-lab6-master/server/target/classes/}
INFO  [2014-05-01 01:18:57,507] org.eclipse.jetty.server.handler.ContextHandler: stopped o.e.j.s.ServletContextHandler{/,null}
INFO  [2014-05-01 01:19:03,404] org.eclipse.jetty.server.Server: Graceful shutdown SocketConnector@0.0.0.0:7000
INFO  [2014-05-01 01:19:03,406] org.eclipse.jetty.server.Server: Graceful shutdown InstrumentedBlockingChannelConnector@0.0.0.0:3000
INFO  [2014-05-01 01:19:03,409] org.eclipse.jetty.server.Server: Graceful shutdown o.e.j.s.ServletContextHandler{/,null}
INFO  [2014-05-01 01:19:03,409] org.eclipse.jetty.server.Server: Graceful shutdown o.e.j.s.ServletContextHandler{/,file:/Users/venkatreddy/Downloads/cmpe273-lab6-master/server/target/classes/}
INFO  [2014-05-01 01:19:05,464] org.eclipse.jetty.server.handler.ContextHandler: stopped o.e.j.s.ServletContextHandler{/,file:/Users/venkatreddy/Downloads/cmpe273-lab6-master/server/target/classes/}
INFO  [2014-05-01 01:19:05,465] org.eclipse.jetty.server.handler.ContextHandler: stopped o.e.j.s.ServletContextHandler{/,null}
INFO  [2014-05-01 01:21:39,570] edu.sjsu.cmpe.cache.CacheService: Loaded resources
WARN  [2014-05-01 01:21:39,593] com.yammer.dropwizard.config.ServerFactory: 
!!!!!!!!!!!!!!!!!!!!!!!!!!!!!!!!!!!!!!!!!!!!!!!!!!!!!!!!!!!!!!!!!!!!!!!!!!!!!!!!
!!!!!!!!!!!!!!!!!!!!!!!!!!!!!!!!!!!!!!!!!!!!!!!!!!!!!!!!!!!!!!!!!!!!!!!!!!!!!!!!
!    THIS SERVICE HAS NO HEALTHCHECKS. THIS MEANS YOU WILL NEVER KNOW IF IT    !
!    DIES IN PRODUCTION, WHICH MEANS YOU WILL NEVER KNOW IF YOU'RE LETTING     !
!     YOUR USERS DOWN. YOU SHOULD ADD A HEALTHCHECK FOR EACH DEPENDENCY OF     !
!     YOUR SERVICE WHICH FULLY (BUT LIGHTLY) TESTS YOUR SERVICE'S ABILITY TO   !
!      USE THAT SERVICE. THINK OF IT AS A CONTINUOUS INTEGRATION TEST.         !
!!!!!!!!!!!!!!!!!!!!!!!!!!!!!!!!!!!!!!!!!!!!!!!!!!!!!!!!!!!!!!!!!!!!!!!!!!!!!!!!
!!!!!!!!!!!!!!!!!!!!!!!!!!!!!!!!!!!!!!!!!!!!!!!!!!!!!!!!!!!!!!!!!!!!!!!!!!!!!!!!
INFO  [2014-05-01 01:21:39,680] com.yammer.dropwizard.cli.ServerCommand: Starting cache-server
INFO  [2014-05-01 01:21:39,682] org.eclipse.jetty.server.Server: jetty-8.1.10.v20130312
INFO  [2014-05-01 01:21:39,861] com.sun.jersey.server.impl.application.WebApplicationImpl: Initiating Jersey application, version 'Jersey: 1.17.1 02/28/2013 12:47 PM'
INFO  [2014-05-01 01:21:39,937] com.yammer.dropwizard.config.Environment: The following paths were found for the configured resources:

    GET     /cache/ (edu.sjsu.cmpe.cache.api.resources.CacheResource)
    GET     /cache/{key} (edu.sjsu.cmpe.cache.api.resources.CacheResource)
    PUT     /cache/{key}/{value} (edu.sjsu.cmpe.cache.api.resources.CacheResource)

INFO  [2014-05-01 01:21:39,938] com.yammer.dropwizard.config.Environment: tasks = 

    POST    /tasks/gc (com.yammer.dropwizard.tasks.GarbageCollectionTask)

INFO  [2014-05-01 01:21:40,352] org.eclipse.jetty.server.AbstractConnector: Started InstrumentedBlockingChannelConnector@0.0.0.0:3000
INFO  [2014-05-01 01:21:40,361] org.eclipse.jetty.server.AbstractConnector: Started SocketConnector@0.0.0.0:7000
INFO  [2014-05-01 01:21:47,296] edu.sjsu.cmpe.cache.CacheService: Loaded resources
WARN  [2014-05-01 01:21:47,336] com.yammer.dropwizard.config.ServerFactory: 
!!!!!!!!!!!!!!!!!!!!!!!!!!!!!!!!!!!!!!!!!!!!!!!!!!!!!!!!!!!!!!!!!!!!!!!!!!!!!!!!
!!!!!!!!!!!!!!!!!!!!!!!!!!!!!!!!!!!!!!!!!!!!!!!!!!!!!!!!!!!!!!!!!!!!!!!!!!!!!!!!
!    THIS SERVICE HAS NO HEALTHCHECKS. THIS MEANS YOU WILL NEVER KNOW IF IT    !
!    DIES IN PRODUCTION, WHICH MEANS YOU WILL NEVER KNOW IF YOU'RE LETTING     !
!     YOUR USERS DOWN. YOU SHOULD ADD A HEALTHCHECK FOR EACH DEPENDENCY OF     !
!     YOUR SERVICE WHICH FULLY (BUT LIGHTLY) TESTS YOUR SERVICE'S ABILITY TO   !
!      USE THAT SERVICE. THINK OF IT AS A CONTINUOUS INTEGRATION TEST.         !
!!!!!!!!!!!!!!!!!!!!!!!!!!!!!!!!!!!!!!!!!!!!!!!!!!!!!!!!!!!!!!!!!!!!!!!!!!!!!!!!
!!!!!!!!!!!!!!!!!!!!!!!!!!!!!!!!!!!!!!!!!!!!!!!!!!!!!!!!!!!!!!!!!!!!!!!!!!!!!!!!
INFO  [2014-05-01 01:21:47,459] com.yammer.dropwizard.cli.ServerCommand: Starting cache-server
INFO  [2014-05-01 01:21:47,462] org.eclipse.jetty.server.Server: jetty-8.1.10.v20130312
INFO  [2014-05-01 01:21:47,733] com.sun.jersey.server.impl.application.WebApplicationImpl: Initiating Jersey application, version 'Jersey: 1.17.1 02/28/2013 12:47 PM'
INFO  [2014-05-01 01:21:47,850] com.yammer.dropwizard.config.Environment: The following paths were found for the configured resources:

    GET     /cache/ (edu.sjsu.cmpe.cache.api.resources.CacheResource)
    GET     /cache/{key} (edu.sjsu.cmpe.cache.api.resources.CacheResource)
    PUT     /cache/{key}/{value} (edu.sjsu.cmpe.cache.api.resources.CacheResource)

INFO  [2014-05-01 01:21:47,850] com.yammer.dropwizard.config.Environment: tasks = 

    POST    /tasks/gc (com.yammer.dropwizard.tasks.GarbageCollectionTask)

WARN  [2014-05-01 01:21:48,372] org.eclipse.jetty.util.component.AbstractLifeCycle: FAILED InstrumentedBlockingChannelConnector@0.0.0.0:3000: java.net.BindException: Address already in use
! java.net.BindException: Address already in use
! at sun.nio.ch.Net.bind(Native Method) ~[na:1.6.0_65]
! at sun.nio.ch.ServerSocketChannelImpl.bind(ServerSocketChannelImpl.java:124) ~[na:1.6.0_65]
! at sun.nio.ch.ServerSocketAdaptor.bind(ServerSocketAdaptor.java:59) ~[na:1.6.0_65]
! at org.eclipse.jetty.server.nio.BlockingChannelConnector.open(BlockingChannelConnector.java:127) ~[jetty-server-8.1.10.v20130312.jar:8.1.10.v20130312]
! at org.eclipse.jetty.server.AbstractConnector.doStart(AbstractConnector.java:316) ~[jetty-server-8.1.10.v20130312.jar:8.1.10.v20130312]
! at org.eclipse.jetty.server.nio.BlockingChannelConnector.doStart(BlockingChannelConnector.java:85) ~[jetty-server-8.1.10.v20130312.jar:8.1.10.v20130312]
! at org.eclipse.jetty.util.component.AbstractLifeCycle.start(AbstractLifeCycle.java:64) [jetty-util-8.1.10.v20130312.jar:8.1.10.v20130312]
! at org.eclipse.jetty.server.Server.doStart(Server.java:291) [jetty-server-8.1.10.v20130312.jar:8.1.10.v20130312]
! at org.eclipse.jetty.util.component.AbstractLifeCycle.start(AbstractLifeCycle.java:64) [jetty-util-8.1.10.v20130312.jar:8.1.10.v20130312]
! at com.yammer.dropwizard.cli.ServerCommand.run(ServerCommand.java:48) [dropwizard-core-0.6.2.jar:na]
! at com.yammer.dropwizard.cli.EnvironmentCommand.run(EnvironmentCommand.java:39) [dropwizard-core-0.6.2.jar:na]
! at com.yammer.dropwizard.cli.ConfiguredCommand.run(ConfiguredCommand.java:58) [dropwizard-core-0.6.2.jar:na]
! at com.yammer.dropwizard.cli.Cli.run(Cli.java:53) [dropwizard-core-0.6.2.jar:na]
! at com.yammer.dropwizard.Service.run(Service.java:61) [dropwizard-core-0.6.2.jar:na]
! at edu.sjsu.cmpe.cache.CacheService.main(CacheService.java:23) [classes/:na]
WARN  [2014-05-01 01:21:48,375] org.eclipse.jetty.util.component.AbstractLifeCycle: FAILED SocketConnector@0.0.0.0:7000: java.net.BindException: Address already in use
! java.net.BindException: Address already in use
! at java.net.PlainSocketImpl.socketBind(Native Method) ~[na:1.6.0_65]
! at java.net.PlainSocketImpl.socketBind(PlainSocketImpl.java:521) ~[na:1.6.0_65]
! at java.net.PlainSocketImpl.bind(PlainSocketImpl.java:414) ~[na:1.6.0_65]
! at java.net.ServerSocket.bind(ServerSocket.java:326) ~[na:1.6.0_65]
! at java.net.ServerSocket.<init>(ServerSocket.java:192) ~[na:1.6.0_65]
! at java.net.ServerSocket.<init>(ServerSocket.java:148) ~[na:1.6.0_65]
! at org.eclipse.jetty.server.bio.SocketConnector.newServerSocket(SocketConnector.java:96) ~[jetty-server-8.1.10.v20130312.jar:8.1.10.v20130312]
! at org.eclipse.jetty.server.bio.SocketConnector.open(SocketConnector.java:85) ~[jetty-server-8.1.10.v20130312.jar:8.1.10.v20130312]
! at org.eclipse.jetty.server.AbstractConnector.doStart(AbstractConnector.java:316) ~[jetty-server-8.1.10.v20130312.jar:8.1.10.v20130312]
! at org.eclipse.jetty.server.bio.SocketConnector.doStart(SocketConnector.java:156) ~[jetty-server-8.1.10.v20130312.jar:8.1.10.v20130312]
! at org.eclipse.jetty.util.component.AbstractLifeCycle.start(AbstractLifeCycle.java:64) [jetty-util-8.1.10.v20130312.jar:8.1.10.v20130312]
! at org.eclipse.jetty.server.Server.doStart(Server.java:291) [jetty-server-8.1.10.v20130312.jar:8.1.10.v20130312]
! at org.eclipse.jetty.util.component.AbstractLifeCycle.start(AbstractLifeCycle.java:64) [jetty-util-8.1.10.v20130312.jar:8.1.10.v20130312]
! at com.yammer.dropwizard.cli.ServerCommand.run(ServerCommand.java:48) [dropwizard-core-0.6.2.jar:na]
! at com.yammer.dropwizard.cli.EnvironmentCommand.run(EnvironmentCommand.java:39) [dropwizard-core-0.6.2.jar:na]
! at com.yammer.dropwizard.cli.ConfiguredCommand.run(ConfiguredCommand.java:58) [dropwizard-core-0.6.2.jar:na]
! at com.yammer.dropwizard.cli.Cli.run(Cli.java:53) [dropwizard-core-0.6.2.jar:na]
! at com.yammer.dropwizard.Service.run(Service.java:61) [dropwizard-core-0.6.2.jar:na]
! at edu.sjsu.cmpe.cache.CacheService.main(CacheService.java:23) [classes/:na]
WARN  [2014-05-01 01:21:48,376] org.eclipse.jetty.util.component.AbstractLifeCycle: FAILED org.eclipse.jetty.server.Server@31bd669d: MultiException[java.net.BindException: Address already in use, java.net.BindException: Address already in use]
! org.eclipse.jetty.util.MultiException: Multiple exceptions
! at org.eclipse.jetty.server.Server.doStart(Server.java:273) ~[jetty-server-8.1.10.v20130312.jar:8.1.10.v20130312]
! at org.eclipse.jetty.util.component.AbstractLifeCycle.start(AbstractLifeCycle.java:64) ~[jetty-util-8.1.10.v20130312.jar:8.1.10.v20130312]
! at com.yammer.dropwizard.cli.ServerCommand.run(ServerCommand.java:48) [dropwizard-core-0.6.2.jar:na]
! at com.yammer.dropwizard.cli.EnvironmentCommand.run(EnvironmentCommand.java:39) [dropwizard-core-0.6.2.jar:na]
! at com.yammer.dropwizard.cli.ConfiguredCommand.run(ConfiguredCommand.java:58) [dropwizard-core-0.6.2.jar:na]
! at com.yammer.dropwizard.cli.Cli.run(Cli.java:53) [dropwizard-core-0.6.2.jar:na]
! at com.yammer.dropwizard.Service.run(Service.java:61) [dropwizard-core-0.6.2.jar:na]
! at edu.sjsu.cmpe.cache.CacheService.main(CacheService.java:23) [classes/:na]
ERROR [2014-05-01 01:21:48,376] com.yammer.dropwizard.cli.ServerCommand: Unable to start server, shutting down
! org.eclipse.jetty.util.MultiException: Multiple exceptions
! at org.eclipse.jetty.server.Server.doStart(Server.java:273) ~[jetty-server-8.1.10.v20130312.jar:8.1.10.v20130312]
! at org.eclipse.jetty.util.component.AbstractLifeCycle.start(AbstractLifeCycle.java:64) ~[jetty-util-8.1.10.v20130312.jar:8.1.10.v20130312]
! at com.yammer.dropwizard.cli.ServerCommand.run(ServerCommand.java:48) ~[dropwizard-core-0.6.2.jar:na]
! at com.yammer.dropwizard.cli.EnvironmentCommand.run(EnvironmentCommand.java:39) [dropwizard-core-0.6.2.jar:na]
! at com.yammer.dropwizard.cli.ConfiguredCommand.run(ConfiguredCommand.java:58) [dropwizard-core-0.6.2.jar:na]
! at com.yammer.dropwizard.cli.Cli.run(Cli.java:53) [dropwizard-core-0.6.2.jar:na]
! at com.yammer.dropwizard.Service.run(Service.java:61) [dropwizard-core-0.6.2.jar:na]
! at edu.sjsu.cmpe.cache.CacheService.main(CacheService.java:23) [classes/:na]
INFO  [2014-05-01 01:21:48,376] org.eclipse.jetty.server.Server: Graceful shutdown SocketConnector@0.0.0.0:7000
INFO  [2014-05-01 01:21:48,376] org.eclipse.jetty.server.Server: Graceful shutdown InstrumentedBlockingChannelConnector@0.0.0.0:3000
INFO  [2014-05-01 01:21:48,381] org.eclipse.jetty.server.Server: Graceful shutdown o.e.j.s.ServletContextHandler{/,null}
INFO  [2014-05-01 01:21:48,382] org.eclipse.jetty.server.Server: Graceful shutdown o.e.j.s.ServletContextHandler{/,file:/Users/venkatreddy/Downloads/cmpe273-lab6-master/server/target/classes/}
INFO  [2014-05-01 01:21:49,409] edu.sjsu.cmpe.cache.CacheService: Loaded resources
WARN  [2014-05-01 01:21:49,433] com.yammer.dropwizard.config.ServerFactory: 
!!!!!!!!!!!!!!!!!!!!!!!!!!!!!!!!!!!!!!!!!!!!!!!!!!!!!!!!!!!!!!!!!!!!!!!!!!!!!!!!
!!!!!!!!!!!!!!!!!!!!!!!!!!!!!!!!!!!!!!!!!!!!!!!!!!!!!!!!!!!!!!!!!!!!!!!!!!!!!!!!
!    THIS SERVICE HAS NO HEALTHCHECKS. THIS MEANS YOU WILL NEVER KNOW IF IT    !
!    DIES IN PRODUCTION, WHICH MEANS YOU WILL NEVER KNOW IF YOU'RE LETTING     !
!     YOUR USERS DOWN. YOU SHOULD ADD A HEALTHCHECK FOR EACH DEPENDENCY OF     !
!     YOUR SERVICE WHICH FULLY (BUT LIGHTLY) TESTS YOUR SERVICE'S ABILITY TO   !
!      USE THAT SERVICE. THINK OF IT AS A CONTINUOUS INTEGRATION TEST.         !
!!!!!!!!!!!!!!!!!!!!!!!!!!!!!!!!!!!!!!!!!!!!!!!!!!!!!!!!!!!!!!!!!!!!!!!!!!!!!!!!
!!!!!!!!!!!!!!!!!!!!!!!!!!!!!!!!!!!!!!!!!!!!!!!!!!!!!!!!!!!!!!!!!!!!!!!!!!!!!!!!
INFO  [2014-05-01 01:21:49,516] com.yammer.dropwizard.cli.ServerCommand: Starting cache-server
INFO  [2014-05-01 01:21:49,517] org.eclipse.jetty.server.Server: jetty-8.1.10.v20130312
INFO  [2014-05-01 01:21:49,678] com.sun.jersey.server.impl.application.WebApplicationImpl: Initiating Jersey application, version 'Jersey: 1.17.1 02/28/2013 12:47 PM'
INFO  [2014-05-01 01:21:49,748] com.yammer.dropwizard.config.Environment: The following paths were found for the configured resources:

    GET     /cache/ (edu.sjsu.cmpe.cache.api.resources.CacheResource)
    GET     /cache/{key} (edu.sjsu.cmpe.cache.api.resources.CacheResource)
    PUT     /cache/{key}/{value} (edu.sjsu.cmpe.cache.api.resources.CacheResource)

INFO  [2014-05-01 01:21:49,749] com.yammer.dropwizard.config.Environment: tasks = 

    POST    /tasks/gc (com.yammer.dropwizard.tasks.GarbageCollectionTask)

WARN  [2014-05-01 01:21:50,153] org.eclipse.jetty.util.component.AbstractLifeCycle: FAILED InstrumentedBlockingChannelConnector@0.0.0.0:3000: java.net.BindException: Address already in use
! java.net.BindException: Address already in use
! at sun.nio.ch.Net.bind(Native Method) ~[na:1.6.0_65]
! at sun.nio.ch.ServerSocketChannelImpl.bind(ServerSocketChannelImpl.java:124) ~[na:1.6.0_65]
! at sun.nio.ch.ServerSocketAdaptor.bind(ServerSocketAdaptor.java:59) ~[na:1.6.0_65]
! at org.eclipse.jetty.server.nio.BlockingChannelConnector.open(BlockingChannelConnector.java:127) ~[jetty-server-8.1.10.v20130312.jar:8.1.10.v20130312]
! at org.eclipse.jetty.server.AbstractConnector.doStart(AbstractConnector.java:316) ~[jetty-server-8.1.10.v20130312.jar:8.1.10.v20130312]
! at org.eclipse.jetty.server.nio.BlockingChannelConnector.doStart(BlockingChannelConnector.java:85) ~[jetty-server-8.1.10.v20130312.jar:8.1.10.v20130312]
! at org.eclipse.jetty.util.component.AbstractLifeCycle.start(AbstractLifeCycle.java:64) [jetty-util-8.1.10.v20130312.jar:8.1.10.v20130312]
! at org.eclipse.jetty.server.Server.doStart(Server.java:291) [jetty-server-8.1.10.v20130312.jar:8.1.10.v20130312]
! at org.eclipse.jetty.util.component.AbstractLifeCycle.start(AbstractLifeCycle.java:64) [jetty-util-8.1.10.v20130312.jar:8.1.10.v20130312]
! at com.yammer.dropwizard.cli.ServerCommand.run(ServerCommand.java:48) [dropwizard-core-0.6.2.jar:na]
! at com.yammer.dropwizard.cli.EnvironmentCommand.run(EnvironmentCommand.java:39) [dropwizard-core-0.6.2.jar:na]
! at com.yammer.dropwizard.cli.ConfiguredCommand.run(ConfiguredCommand.java:58) [dropwizard-core-0.6.2.jar:na]
! at com.yammer.dropwizard.cli.Cli.run(Cli.java:53) [dropwizard-core-0.6.2.jar:na]
! at com.yammer.dropwizard.Service.run(Service.java:61) [dropwizard-core-0.6.2.jar:na]
! at edu.sjsu.cmpe.cache.CacheService.main(CacheService.java:23) [classes/:na]
WARN  [2014-05-01 01:21:50,157] org.eclipse.jetty.util.component.AbstractLifeCycle: FAILED SocketConnector@0.0.0.0:7000: java.net.BindException: Address already in use
! java.net.BindException: Address already in use
! at java.net.PlainSocketImpl.socketBind(Native Method) ~[na:1.6.0_65]
! at java.net.PlainSocketImpl.socketBind(PlainSocketImpl.java:521) ~[na:1.6.0_65]
! at java.net.PlainSocketImpl.bind(PlainSocketImpl.java:414) ~[na:1.6.0_65]
! at java.net.ServerSocket.bind(ServerSocket.java:326) ~[na:1.6.0_65]
! at java.net.ServerSocket.<init>(ServerSocket.java:192) ~[na:1.6.0_65]
! at java.net.ServerSocket.<init>(ServerSocket.java:148) ~[na:1.6.0_65]
! at org.eclipse.jetty.server.bio.SocketConnector.newServerSocket(SocketConnector.java:96) ~[jetty-server-8.1.10.v20130312.jar:8.1.10.v20130312]
! at org.eclipse.jetty.server.bio.SocketConnector.open(SocketConnector.java:85) ~[jetty-server-8.1.10.v20130312.jar:8.1.10.v20130312]
! at org.eclipse.jetty.server.AbstractConnector.doStart(AbstractConnector.java:316) ~[jetty-server-8.1.10.v20130312.jar:8.1.10.v20130312]
! at org.eclipse.jetty.server.bio.SocketConnector.doStart(SocketConnector.java:156) ~[jetty-server-8.1.10.v20130312.jar:8.1.10.v20130312]
! at org.eclipse.jetty.util.component.AbstractLifeCycle.start(AbstractLifeCycle.java:64) [jetty-util-8.1.10.v20130312.jar:8.1.10.v20130312]
! at org.eclipse.jetty.server.Server.doStart(Server.java:291) [jetty-server-8.1.10.v20130312.jar:8.1.10.v20130312]
! at org.eclipse.jetty.util.component.AbstractLifeCycle.start(AbstractLifeCycle.java:64) [jetty-util-8.1.10.v20130312.jar:8.1.10.v20130312]
! at com.yammer.dropwizard.cli.ServerCommand.run(ServerCommand.java:48) [dropwizard-core-0.6.2.jar:na]
! at com.yammer.dropwizard.cli.EnvironmentCommand.run(EnvironmentCommand.java:39) [dropwizard-core-0.6.2.jar:na]
! at com.yammer.dropwizard.cli.ConfiguredCommand.run(ConfiguredCommand.java:58) [dropwizard-core-0.6.2.jar:na]
! at com.yammer.dropwizard.cli.Cli.run(Cli.java:53) [dropwizard-core-0.6.2.jar:na]
! at com.yammer.dropwizard.Service.run(Service.java:61) [dropwizard-core-0.6.2.jar:na]
! at edu.sjsu.cmpe.cache.CacheService.main(CacheService.java:23) [classes/:na]
WARN  [2014-05-01 01:21:50,158] org.eclipse.jetty.util.component.AbstractLifeCycle: FAILED org.eclipse.jetty.server.Server@e31bcc8: MultiException[java.net.BindException: Address already in use, java.net.BindException: Address already in use]
! org.eclipse.jetty.util.MultiException: Multiple exceptions
! at org.eclipse.jetty.server.Server.doStart(Server.java:273) ~[jetty-server-8.1.10.v20130312.jar:8.1.10.v20130312]
! at org.eclipse.jetty.util.component.AbstractLifeCycle.start(AbstractLifeCycle.java:64) ~[jetty-util-8.1.10.v20130312.jar:8.1.10.v20130312]
! at com.yammer.dropwizard.cli.ServerCommand.run(ServerCommand.java:48) [dropwizard-core-0.6.2.jar:na]
! at com.yammer.dropwizard.cli.EnvironmentCommand.run(EnvironmentCommand.java:39) [dropwizard-core-0.6.2.jar:na]
! at com.yammer.dropwizard.cli.ConfiguredCommand.run(ConfiguredCommand.java:58) [dropwizard-core-0.6.2.jar:na]
! at com.yammer.dropwizard.cli.Cli.run(Cli.java:53) [dropwizard-core-0.6.2.jar:na]
! at com.yammer.dropwizard.Service.run(Service.java:61) [dropwizard-core-0.6.2.jar:na]
! at edu.sjsu.cmpe.cache.CacheService.main(CacheService.java:23) [classes/:na]
ERROR [2014-05-01 01:21:50,158] com.yammer.dropwizard.cli.ServerCommand: Unable to start server, shutting down
! org.eclipse.jetty.util.MultiException: Multiple exceptions
! at org.eclipse.jetty.server.Server.doStart(Server.java:273) ~[jetty-server-8.1.10.v20130312.jar:8.1.10.v20130312]
! at org.eclipse.jetty.util.component.AbstractLifeCycle.start(AbstractLifeCycle.java:64) ~[jetty-util-8.1.10.v20130312.jar:8.1.10.v20130312]
! at com.yammer.dropwizard.cli.ServerCommand.run(ServerCommand.java:48) ~[dropwizard-core-0.6.2.jar:na]
! at com.yammer.dropwizard.cli.EnvironmentCommand.run(EnvironmentCommand.java:39) [dropwizard-core-0.6.2.jar:na]
! at com.yammer.dropwizard.cli.ConfiguredCommand.run(ConfiguredCommand.java:58) [dropwizard-core-0.6.2.jar:na]
! at com.yammer.dropwizard.cli.Cli.run(Cli.java:53) [dropwizard-core-0.6.2.jar:na]
! at com.yammer.dropwizard.Service.run(Service.java:61) [dropwizard-core-0.6.2.jar:na]
! at edu.sjsu.cmpe.cache.CacheService.main(CacheService.java:23) [classes/:na]
INFO  [2014-05-01 01:21:50,158] org.eclipse.jetty.server.Server: Graceful shutdown SocketConnector@0.0.0.0:7000
INFO  [2014-05-01 01:21:50,159] org.eclipse.jetty.server.Server: Graceful shutdown InstrumentedBlockingChannelConnector@0.0.0.0:3000
INFO  [2014-05-01 01:21:50,163] org.eclipse.jetty.server.Server: Graceful shutdown o.e.j.s.ServletContextHandler{/,null}
INFO  [2014-05-01 01:21:50,163] org.eclipse.jetty.server.Server: Graceful shutdown o.e.j.s.ServletContextHandler{/,file:/Users/venkatreddy/Downloads/cmpe273-lab6-master/server/target/classes/}
INFO  [2014-05-01 01:21:50,383] org.eclipse.jetty.server.handler.ContextHandler: stopped o.e.j.s.ServletContextHandler{/,file:/Users/venkatreddy/Downloads/cmpe273-lab6-master/server/target/classes/}
INFO  [2014-05-01 01:21:50,383] org.eclipse.jetty.server.handler.ContextHandler: stopped o.e.j.s.ServletContextHandler{/,null}
INFO  [2014-05-01 01:21:52,164] org.eclipse.jetty.server.handler.ContextHandler: stopped o.e.j.s.ServletContextHandler{/,file:/Users/venkatreddy/Downloads/cmpe273-lab6-master/server/target/classes/}
INFO  [2014-05-01 01:21:52,164] org.eclipse.jetty.server.handler.ContextHandler: stopped o.e.j.s.ServletContextHandler{/,null}
INFO  [2014-05-01 01:22:17,446] org.eclipse.jetty.server.Server: Graceful shutdown SocketConnector@0.0.0.0:7000
INFO  [2014-05-01 01:22:17,447] org.eclipse.jetty.server.Server: Graceful shutdown InstrumentedBlockingChannelConnector@0.0.0.0:3000
INFO  [2014-05-01 01:22:17,451] org.eclipse.jetty.server.Server: Graceful shutdown o.e.j.s.ServletContextHandler{/,null}
INFO  [2014-05-01 01:22:17,451] org.eclipse.jetty.server.Server: Graceful shutdown o.e.j.s.ServletContextHandler{/,file:/Users/venkatreddy/Downloads/cmpe273-lab6-master/server/target/classes/}
INFO  [2014-05-01 01:22:19,505] org.eclipse.jetty.server.handler.ContextHandler: stopped o.e.j.s.ServletContextHandler{/,file:/Users/venkatreddy/Downloads/cmpe273-lab6-master/server/target/classes/}
INFO  [2014-05-01 01:22:19,505] org.eclipse.jetty.server.handler.ContextHandler: stopped o.e.j.s.ServletContextHandler{/,null}
INFO  [2014-05-01 01:23:36,449] edu.sjsu.cmpe.cache.CacheService: Loaded resources
WARN  [2014-05-01 01:23:36,478] com.yammer.dropwizard.config.ServerFactory: 
!!!!!!!!!!!!!!!!!!!!!!!!!!!!!!!!!!!!!!!!!!!!!!!!!!!!!!!!!!!!!!!!!!!!!!!!!!!!!!!!
!!!!!!!!!!!!!!!!!!!!!!!!!!!!!!!!!!!!!!!!!!!!!!!!!!!!!!!!!!!!!!!!!!!!!!!!!!!!!!!!
!    THIS SERVICE HAS NO HEALTHCHECKS. THIS MEANS YOU WILL NEVER KNOW IF IT    !
!    DIES IN PRODUCTION, WHICH MEANS YOU WILL NEVER KNOW IF YOU'RE LETTING     !
!     YOUR USERS DOWN. YOU SHOULD ADD A HEALTHCHECK FOR EACH DEPENDENCY OF     !
!     YOUR SERVICE WHICH FULLY (BUT LIGHTLY) TESTS YOUR SERVICE'S ABILITY TO   !
!      USE THAT SERVICE. THINK OF IT AS A CONTINUOUS INTEGRATION TEST.         !
!!!!!!!!!!!!!!!!!!!!!!!!!!!!!!!!!!!!!!!!!!!!!!!!!!!!!!!!!!!!!!!!!!!!!!!!!!!!!!!!
!!!!!!!!!!!!!!!!!!!!!!!!!!!!!!!!!!!!!!!!!!!!!!!!!!!!!!!!!!!!!!!!!!!!!!!!!!!!!!!!
INFO  [2014-05-01 01:23:36,566] com.yammer.dropwizard.cli.ServerCommand: Starting cache-server
INFO  [2014-05-01 01:23:36,568] org.eclipse.jetty.server.Server: jetty-8.1.10.v20130312
INFO  [2014-05-01 01:23:36,734] com.sun.jersey.server.impl.application.WebApplicationImpl: Initiating Jersey application, version 'Jersey: 1.17.1 02/28/2013 12:47 PM'
INFO  [2014-05-01 01:23:36,827] com.yammer.dropwizard.config.Environment: The following paths were found for the configured resources:

    GET     /cache/ (edu.sjsu.cmpe.cache.api.resources.CacheResource)
    GET     /cache/{key} (edu.sjsu.cmpe.cache.api.resources.CacheResource)
    PUT     /cache/{key}/{value} (edu.sjsu.cmpe.cache.api.resources.CacheResource)

INFO  [2014-05-01 01:23:36,828] com.yammer.dropwizard.config.Environment: tasks = 

    POST    /tasks/gc (com.yammer.dropwizard.tasks.GarbageCollectionTask)

INFO  [2014-05-01 01:23:37,275] org.eclipse.jetty.server.AbstractConnector: Started InstrumentedBlockingChannelConnector@0.0.0.0:3000
INFO  [2014-05-01 01:23:37,283] org.eclipse.jetty.server.AbstractConnector: Started SocketConnector@0.0.0.0:7000
INFO  [2014-05-01 01:31:52,978] org.eclipse.jetty.server.Server: Graceful shutdown SocketConnector@0.0.0.0:7000
INFO  [2014-05-01 01:31:52,980] org.eclipse.jetty.server.Server: Graceful shutdown InstrumentedBlockingChannelConnector@0.0.0.0:3000
INFO  [2014-05-01 01:31:52,984] org.eclipse.jetty.server.Server: Graceful shutdown o.e.j.s.ServletContextHandler{/,null}
INFO  [2014-05-01 01:31:52,984] org.eclipse.jetty.server.Server: Graceful shutdown o.e.j.s.ServletContextHandler{/,file:/Users/venkatreddy/Downloads/cmpe273-lab6-master/server/target/classes/}
INFO  [2014-05-01 01:31:55,040] org.eclipse.jetty.server.handler.ContextHandler: stopped o.e.j.s.ServletContextHandler{/,file:/Users/venkatreddy/Downloads/cmpe273-lab6-master/server/target/classes/}
INFO  [2014-05-01 01:31:55,040] org.eclipse.jetty.server.handler.ContextHandler: stopped o.e.j.s.ServletContextHandler{/,null}
INFO  [2014-05-01 01:32:04,239] edu.sjsu.cmpe.cache.CacheService: Loaded resources
WARN  [2014-05-01 01:32:04,257] com.yammer.dropwizard.config.ServerFactory: 
!!!!!!!!!!!!!!!!!!!!!!!!!!!!!!!!!!!!!!!!!!!!!!!!!!!!!!!!!!!!!!!!!!!!!!!!!!!!!!!!
!!!!!!!!!!!!!!!!!!!!!!!!!!!!!!!!!!!!!!!!!!!!!!!!!!!!!!!!!!!!!!!!!!!!!!!!!!!!!!!!
!    THIS SERVICE HAS NO HEALTHCHECKS. THIS MEANS YOU WILL NEVER KNOW IF IT    !
!    DIES IN PRODUCTION, WHICH MEANS YOU WILL NEVER KNOW IF YOU'RE LETTING     !
!     YOUR USERS DOWN. YOU SHOULD ADD A HEALTHCHECK FOR EACH DEPENDENCY OF     !
!     YOUR SERVICE WHICH FULLY (BUT LIGHTLY) TESTS YOUR SERVICE'S ABILITY TO   !
!      USE THAT SERVICE. THINK OF IT AS A CONTINUOUS INTEGRATION TEST.         !
!!!!!!!!!!!!!!!!!!!!!!!!!!!!!!!!!!!!!!!!!!!!!!!!!!!!!!!!!!!!!!!!!!!!!!!!!!!!!!!!
!!!!!!!!!!!!!!!!!!!!!!!!!!!!!!!!!!!!!!!!!!!!!!!!!!!!!!!!!!!!!!!!!!!!!!!!!!!!!!!!
INFO  [2014-05-01 01:32:04,341] com.yammer.dropwizard.cli.ServerCommand: Starting cache-server
INFO  [2014-05-01 01:32:04,343] org.eclipse.jetty.server.Server: jetty-8.1.10.v20130312
INFO  [2014-05-01 01:32:04,499] com.sun.jersey.server.impl.application.WebApplicationImpl: Initiating Jersey application, version 'Jersey: 1.17.1 02/28/2013 12:47 PM'
INFO  [2014-05-01 01:32:04,598] com.yammer.dropwizard.config.Environment: The following paths were found for the configured resources:

    GET     /cache/ (edu.sjsu.cmpe.cache.api.resources.CacheResource)
    GET     /cache/{key} (edu.sjsu.cmpe.cache.api.resources.CacheResource)
    PUT     /cache/{key}/{value} (edu.sjsu.cmpe.cache.api.resources.CacheResource)

INFO  [2014-05-01 01:32:04,599] com.yammer.dropwizard.config.Environment: tasks = 

    POST    /tasks/gc (com.yammer.dropwizard.tasks.GarbageCollectionTask)

INFO  [2014-05-01 01:32:04,985] org.eclipse.jetty.server.AbstractConnector: Started InstrumentedBlockingChannelConnector@0.0.0.0:3000
INFO  [2014-05-01 01:32:04,994] org.eclipse.jetty.server.AbstractConnector: Started SocketConnector@0.0.0.0:7000
INFO  [2014-05-01 01:38:01,813] edu.sjsu.cmpe.cache.CacheService: Loaded resources
WARN  [2014-05-01 01:38:01,951] com.yammer.dropwizard.config.ServerFactory: 
!!!!!!!!!!!!!!!!!!!!!!!!!!!!!!!!!!!!!!!!!!!!!!!!!!!!!!!!!!!!!!!!!!!!!!!!!!!!!!!!
!!!!!!!!!!!!!!!!!!!!!!!!!!!!!!!!!!!!!!!!!!!!!!!!!!!!!!!!!!!!!!!!!!!!!!!!!!!!!!!!
!    THIS SERVICE HAS NO HEALTHCHECKS. THIS MEANS YOU WILL NEVER KNOW IF IT    !
!    DIES IN PRODUCTION, WHICH MEANS YOU WILL NEVER KNOW IF YOU'RE LETTING     !
!     YOUR USERS DOWN. YOU SHOULD ADD A HEALTHCHECK FOR EACH DEPENDENCY OF     !
!     YOUR SERVICE WHICH FULLY (BUT LIGHTLY) TESTS YOUR SERVICE'S ABILITY TO   !
!      USE THAT SERVICE. THINK OF IT AS A CONTINUOUS INTEGRATION TEST.         !
!!!!!!!!!!!!!!!!!!!!!!!!!!!!!!!!!!!!!!!!!!!!!!!!!!!!!!!!!!!!!!!!!!!!!!!!!!!!!!!!
!!!!!!!!!!!!!!!!!!!!!!!!!!!!!!!!!!!!!!!!!!!!!!!!!!!!!!!!!!!!!!!!!!!!!!!!!!!!!!!!
INFO  [2014-05-01 01:38:02,568] com.yammer.dropwizard.cli.ServerCommand: Starting cache-server
INFO  [2014-05-01 01:38:02,575] org.eclipse.jetty.server.Server: jetty-8.1.10.v20130312
INFO  [2014-05-01 01:38:02,957] com.sun.jersey.server.impl.application.WebApplicationImpl: Initiating Jersey application, version 'Jersey: 1.17.1 02/28/2013 12:47 PM'
INFO  [2014-05-01 01:38:03,101] com.yammer.dropwizard.config.Environment: The following paths were found for the configured resources:

    GET     /cache/ (edu.sjsu.cmpe.cache.api.resources.CacheResource)
    GET     /cache/{key} (edu.sjsu.cmpe.cache.api.resources.CacheResource)
    PUT     /cache/{key}/{value} (edu.sjsu.cmpe.cache.api.resources.CacheResource)

INFO  [2014-05-01 01:38:03,101] com.yammer.dropwizard.config.Environment: tasks = 

    POST    /tasks/gc (com.yammer.dropwizard.tasks.GarbageCollectionTask)

WARN  [2014-05-01 01:38:04,739] org.eclipse.jetty.util.component.AbstractLifeCycle: FAILED InstrumentedBlockingChannelConnector@0.0.0.0:3000: java.net.BindException: Address already in use
! java.net.BindException: Address already in use
! at sun.nio.ch.Net.bind(Native Method) ~[na:1.6.0_65]
! at sun.nio.ch.ServerSocketChannelImpl.bind(ServerSocketChannelImpl.java:124) ~[na:1.6.0_65]
! at sun.nio.ch.ServerSocketAdaptor.bind(ServerSocketAdaptor.java:59) ~[na:1.6.0_65]
! at org.eclipse.jetty.server.nio.BlockingChannelConnector.open(BlockingChannelConnector.java:127) ~[jetty-server-8.1.10.v20130312.jar:8.1.10.v20130312]
! at org.eclipse.jetty.server.AbstractConnector.doStart(AbstractConnector.java:316) ~[jetty-server-8.1.10.v20130312.jar:8.1.10.v20130312]
! at org.eclipse.jetty.server.nio.BlockingChannelConnector.doStart(BlockingChannelConnector.java:85) ~[jetty-server-8.1.10.v20130312.jar:8.1.10.v20130312]
! at org.eclipse.jetty.util.component.AbstractLifeCycle.start(AbstractLifeCycle.java:64) [jetty-util-8.1.10.v20130312.jar:8.1.10.v20130312]
! at org.eclipse.jetty.server.Server.doStart(Server.java:291) [jetty-server-8.1.10.v20130312.jar:8.1.10.v20130312]
! at org.eclipse.jetty.util.component.AbstractLifeCycle.start(AbstractLifeCycle.java:64) [jetty-util-8.1.10.v20130312.jar:8.1.10.v20130312]
! at com.yammer.dropwizard.cli.ServerCommand.run(ServerCommand.java:48) [dropwizard-core-0.6.2.jar:na]
! at com.yammer.dropwizard.cli.EnvironmentCommand.run(EnvironmentCommand.java:39) [dropwizard-core-0.6.2.jar:na]
! at com.yammer.dropwizard.cli.ConfiguredCommand.run(ConfiguredCommand.java:58) [dropwizard-core-0.6.2.jar:na]
! at com.yammer.dropwizard.cli.Cli.run(Cli.java:53) [dropwizard-core-0.6.2.jar:na]
! at com.yammer.dropwizard.Service.run(Service.java:61) [dropwizard-core-0.6.2.jar:na]
! at edu.sjsu.cmpe.cache.CacheService.main(CacheService.java:23) [classes/:na]
WARN  [2014-05-01 01:38:04,743] org.eclipse.jetty.util.component.AbstractLifeCycle: FAILED SocketConnector@0.0.0.0:7000: java.net.BindException: Address already in use
! java.net.BindException: Address already in use
! at java.net.PlainSocketImpl.socketBind(Native Method) ~[na:1.6.0_65]
! at java.net.PlainSocketImpl.socketBind(PlainSocketImpl.java:521) ~[na:1.6.0_65]
! at java.net.PlainSocketImpl.bind(PlainSocketImpl.java:414) ~[na:1.6.0_65]
! at java.net.ServerSocket.bind(ServerSocket.java:326) ~[na:1.6.0_65]
! at java.net.ServerSocket.<init>(ServerSocket.java:192) ~[na:1.6.0_65]
! at java.net.ServerSocket.<init>(ServerSocket.java:148) ~[na:1.6.0_65]
! at org.eclipse.jetty.server.bio.SocketConnector.newServerSocket(SocketConnector.java:96) ~[jetty-server-8.1.10.v20130312.jar:8.1.10.v20130312]
! at org.eclipse.jetty.server.bio.SocketConnector.open(SocketConnector.java:85) ~[jetty-server-8.1.10.v20130312.jar:8.1.10.v20130312]
! at org.eclipse.jetty.server.AbstractConnector.doStart(AbstractConnector.java:316) ~[jetty-server-8.1.10.v20130312.jar:8.1.10.v20130312]
! at org.eclipse.jetty.server.bio.SocketConnector.doStart(SocketConnector.java:156) ~[jetty-server-8.1.10.v20130312.jar:8.1.10.v20130312]
! at org.eclipse.jetty.util.component.AbstractLifeCycle.start(AbstractLifeCycle.java:64) [jetty-util-8.1.10.v20130312.jar:8.1.10.v20130312]
! at org.eclipse.jetty.server.Server.doStart(Server.java:291) [jetty-server-8.1.10.v20130312.jar:8.1.10.v20130312]
! at org.eclipse.jetty.util.component.AbstractLifeCycle.start(AbstractLifeCycle.java:64) [jetty-util-8.1.10.v20130312.jar:8.1.10.v20130312]
! at com.yammer.dropwizard.cli.ServerCommand.run(ServerCommand.java:48) [dropwizard-core-0.6.2.jar:na]
! at com.yammer.dropwizard.cli.EnvironmentCommand.run(EnvironmentCommand.java:39) [dropwizard-core-0.6.2.jar:na]
! at com.yammer.dropwizard.cli.ConfiguredCommand.run(ConfiguredCommand.java:58) [dropwizard-core-0.6.2.jar:na]
! at com.yammer.dropwizard.cli.Cli.run(Cli.java:53) [dropwizard-core-0.6.2.jar:na]
! at com.yammer.dropwizard.Service.run(Service.java:61) [dropwizard-core-0.6.2.jar:na]
! at edu.sjsu.cmpe.cache.CacheService.main(CacheService.java:23) [classes/:na]
WARN  [2014-05-01 01:38:04,743] org.eclipse.jetty.util.component.AbstractLifeCycle: FAILED org.eclipse.jetty.server.Server@56cdd54e: MultiException[java.net.BindException: Address already in use, java.net.BindException: Address already in use]
! org.eclipse.jetty.util.MultiException: Multiple exceptions
! at org.eclipse.jetty.server.Server.doStart(Server.java:273) ~[jetty-server-8.1.10.v20130312.jar:8.1.10.v20130312]
! at org.eclipse.jetty.util.component.AbstractLifeCycle.start(AbstractLifeCycle.java:64) ~[jetty-util-8.1.10.v20130312.jar:8.1.10.v20130312]
! at com.yammer.dropwizard.cli.ServerCommand.run(ServerCommand.java:48) [dropwizard-core-0.6.2.jar:na]
! at com.yammer.dropwizard.cli.EnvironmentCommand.run(EnvironmentCommand.java:39) [dropwizard-core-0.6.2.jar:na]
! at com.yammer.dropwizard.cli.ConfiguredCommand.run(ConfiguredCommand.java:58) [dropwizard-core-0.6.2.jar:na]
! at com.yammer.dropwizard.cli.Cli.run(Cli.java:53) [dropwizard-core-0.6.2.jar:na]
! at com.yammer.dropwizard.Service.run(Service.java:61) [dropwizard-core-0.6.2.jar:na]
! at edu.sjsu.cmpe.cache.CacheService.main(CacheService.java:23) [classes/:na]
ERROR [2014-05-01 01:38:04,744] com.yammer.dropwizard.cli.ServerCommand: Unable to start server, shutting down
! org.eclipse.jetty.util.MultiException: Multiple exceptions
! at org.eclipse.jetty.server.Server.doStart(Server.java:273) ~[jetty-server-8.1.10.v20130312.jar:8.1.10.v20130312]
! at org.eclipse.jetty.util.component.AbstractLifeCycle.start(AbstractLifeCycle.java:64) ~[jetty-util-8.1.10.v20130312.jar:8.1.10.v20130312]
! at com.yammer.dropwizard.cli.ServerCommand.run(ServerCommand.java:48) ~[dropwizard-core-0.6.2.jar:na]
! at com.yammer.dropwizard.cli.EnvironmentCommand.run(EnvironmentCommand.java:39) [dropwizard-core-0.6.2.jar:na]
! at com.yammer.dropwizard.cli.ConfiguredCommand.run(ConfiguredCommand.java:58) [dropwizard-core-0.6.2.jar:na]
! at com.yammer.dropwizard.cli.Cli.run(Cli.java:53) [dropwizard-core-0.6.2.jar:na]
! at com.yammer.dropwizard.Service.run(Service.java:61) [dropwizard-core-0.6.2.jar:na]
! at edu.sjsu.cmpe.cache.CacheService.main(CacheService.java:23) [classes/:na]
INFO  [2014-05-01 01:38:04,744] org.eclipse.jetty.server.Server: Graceful shutdown SocketConnector@0.0.0.0:7000
INFO  [2014-05-01 01:38:04,744] org.eclipse.jetty.server.Server: Graceful shutdown InstrumentedBlockingChannelConnector@0.0.0.0:3000
INFO  [2014-05-01 01:38:04,749] org.eclipse.jetty.server.Server: Graceful shutdown o.e.j.s.ServletContextHandler{/,null}
INFO  [2014-05-01 01:38:04,749] org.eclipse.jetty.server.Server: Graceful shutdown o.e.j.s.ServletContextHandler{/,file:/Users/venkatreddy/Downloads/cmpe273-lab6-master/server/target/classes/}
INFO  [2014-05-01 01:38:06,751] org.eclipse.jetty.server.handler.ContextHandler: stopped o.e.j.s.ServletContextHandler{/,file:/Users/venkatreddy/Downloads/cmpe273-lab6-master/server/target/classes/}
INFO  [2014-05-01 01:38:06,751] org.eclipse.jetty.server.handler.ContextHandler: stopped o.e.j.s.ServletContextHandler{/,null}
INFO  [2014-05-01 01:38:45,398] org.eclipse.jetty.server.Server: Graceful shutdown SocketConnector@0.0.0.0:7000
INFO  [2014-05-01 01:38:45,399] org.eclipse.jetty.server.Server: Graceful shutdown InstrumentedBlockingChannelConnector@0.0.0.0:3000
INFO  [2014-05-01 01:38:45,400] org.eclipse.jetty.server.Server: Graceful shutdown o.e.j.s.ServletContextHandler{/,null}
INFO  [2014-05-01 01:38:45,400] org.eclipse.jetty.server.Server: Graceful shutdown o.e.j.s.ServletContextHandler{/,file:/Users/venkatreddy/Downloads/cmpe273-lab6-master/server/target/classes/}
INFO  [2014-05-01 01:38:47,453] org.eclipse.jetty.server.handler.ContextHandler: stopped o.e.j.s.ServletContextHandler{/,file:/Users/venkatreddy/Downloads/cmpe273-lab6-master/server/target/classes/}
INFO  [2014-05-01 01:38:47,453] org.eclipse.jetty.server.handler.ContextHandler: stopped o.e.j.s.ServletContextHandler{/,null}
INFO  [2014-05-01 01:39:11,837] edu.sjsu.cmpe.cache.CacheService: Loaded resources
WARN  [2014-05-01 01:39:11,862] com.yammer.dropwizard.config.ServerFactory: 
!!!!!!!!!!!!!!!!!!!!!!!!!!!!!!!!!!!!!!!!!!!!!!!!!!!!!!!!!!!!!!!!!!!!!!!!!!!!!!!!
!!!!!!!!!!!!!!!!!!!!!!!!!!!!!!!!!!!!!!!!!!!!!!!!!!!!!!!!!!!!!!!!!!!!!!!!!!!!!!!!
!    THIS SERVICE HAS NO HEALTHCHECKS. THIS MEANS YOU WILL NEVER KNOW IF IT    !
!    DIES IN PRODUCTION, WHICH MEANS YOU WILL NEVER KNOW IF YOU'RE LETTING     !
!     YOUR USERS DOWN. YOU SHOULD ADD A HEALTHCHECK FOR EACH DEPENDENCY OF     !
!     YOUR SERVICE WHICH FULLY (BUT LIGHTLY) TESTS YOUR SERVICE'S ABILITY TO   !
!      USE THAT SERVICE. THINK OF IT AS A CONTINUOUS INTEGRATION TEST.         !
!!!!!!!!!!!!!!!!!!!!!!!!!!!!!!!!!!!!!!!!!!!!!!!!!!!!!!!!!!!!!!!!!!!!!!!!!!!!!!!!
!!!!!!!!!!!!!!!!!!!!!!!!!!!!!!!!!!!!!!!!!!!!!!!!!!!!!!!!!!!!!!!!!!!!!!!!!!!!!!!!
INFO  [2014-05-01 01:39:11,954] com.yammer.dropwizard.cli.ServerCommand: Starting cache-server
INFO  [2014-05-01 01:39:11,957] org.eclipse.jetty.server.Server: jetty-8.1.10.v20130312
INFO  [2014-05-01 01:39:12,160] com.sun.jersey.server.impl.application.WebApplicationImpl: Initiating Jersey application, version 'Jersey: 1.17.1 02/28/2013 12:47 PM'
INFO  [2014-05-01 01:39:12,245] com.yammer.dropwizard.config.Environment: The following paths were found for the configured resources:

    GET     /cache/ (edu.sjsu.cmpe.cache.api.resources.CacheResource)
    GET     /cache/{key} (edu.sjsu.cmpe.cache.api.resources.CacheResource)
    PUT     /cache/{key}/{value} (edu.sjsu.cmpe.cache.api.resources.CacheResource)

INFO  [2014-05-01 01:39:12,245] com.yammer.dropwizard.config.Environment: tasks = 

    POST    /tasks/gc (com.yammer.dropwizard.tasks.GarbageCollectionTask)

INFO  [2014-05-01 01:39:12,691] org.eclipse.jetty.server.AbstractConnector: Started InstrumentedBlockingChannelConnector@0.0.0.0:3000
INFO  [2014-05-01 01:39:12,698] org.eclipse.jetty.server.AbstractConnector: Started SocketConnector@0.0.0.0:7000
